  [1m[35m (546.9ms)[0m  [1m[35mCREATE DATABASE "Kittens_market_development" ENCODING = 'unicode'[0m
  ↳ bin/rails:9
  [1m[35m (242.3ms)[0m  [1m[35mCREATE DATABASE "Kittens_market_test" ENCODING = 'unicode'[0m
  ↳ bin/rails:9
  [1m[35m (17.1ms)[0m  [1m[35mCREATE TABLE "schema_migrations" ("version" character varying NOT NULL PRIMARY KEY)[0m
  ↳ bin/rails:9
  [1m[35m (10.8ms)[0m  [1m[35mCREATE TABLE "ar_internal_metadata" ("key" character varying NOT NULL PRIMARY KEY, "value" character varying, "created_at" timestamp NOT NULL, "updated_at" timestamp NOT NULL)[0m
  ↳ bin/rails:9
  [1m[35m (0.1ms)[0m  [1m[34mSELECT pg_try_advisory_lock(8304820991469652860)[0m
  ↳ bin/rails:9
  [1m[35m (0.5ms)[0m  [1m[34mSELECT "schema_migrations"."version" FROM "schema_migrations" ORDER BY "schema_migrations"."version" ASC[0m
  ↳ bin/rails:9
Migrating to DeviseCreateUsers (20210607082923)
  [1m[35m (0.1ms)[0m  [1m[35mBEGIN[0m
  ↳ bin/rails:9
  [1m[35m (13.9ms)[0m  [1m[35mCREATE TABLE "users" ("id" bigserial primary key, "email" character varying DEFAULT '' NOT NULL, "encrypted_password" character varying DEFAULT '' NOT NULL, "reset_password_token" character varying, "reset_password_sent_at" timestamp, "remember_created_at" timestamp, "created_at" timestamp NOT NULL, "updated_at" timestamp NOT NULL)[0m
  ↳ db/migrate/20210607082923_devise_create_users.rb:5
  [1m[35m (8.8ms)[0m  [1m[35mCREATE UNIQUE INDEX  "index_users_on_email" ON "users"  ("email")[0m
  ↳ db/migrate/20210607082923_devise_create_users.rb:39
  [1m[35m (3.6ms)[0m  [1m[35mCREATE UNIQUE INDEX  "index_users_on_reset_password_token" ON "users"  ("reset_password_token")[0m
  ↳ db/migrate/20210607082923_devise_create_users.rb:40
  [1m[36mActiveRecord::SchemaMigration Create (0.4ms)[0m  [1m[32mINSERT INTO "schema_migrations" ("version") VALUES ($1) RETURNING "version"[0m  [["version", "20210607082923"]]
  ↳ bin/rails:9
  [1m[35m (0.5ms)[0m  [1m[35mCOMMIT[0m
  ↳ bin/rails:9
Migrating to CreateItems (20210607100218)
  [1m[35m (0.2ms)[0m  [1m[35mBEGIN[0m
  ↳ bin/rails:9
  [1m[35m (5.5ms)[0m  [1m[35mCREATE TABLE "items" ("id" bigserial primary key, "title" character varying, "description" text, "price" decimal, "image_url" character varying, "created_at" timestamp NOT NULL, "updated_at" timestamp NOT NULL)[0m
  ↳ db/migrate/20210607100218_create_items.rb:3
  [1m[36mActiveRecord::SchemaMigration Create (0.3ms)[0m  [1m[32mINSERT INTO "schema_migrations" ("version") VALUES ($1) RETURNING "version"[0m  [["version", "20210607100218"]]
  ↳ bin/rails:9
  [1m[35m (2.1ms)[0m  [1m[35mCOMMIT[0m
  ↳ bin/rails:9
Migrating to CreateCarts (20210607100518)
  [1m[35m (0.2ms)[0m  [1m[35mBEGIN[0m
  ↳ bin/rails:9
  [1m[35m (11.4ms)[0m  [1m[35mCREATE TABLE "carts" ("id" bigserial primary key, "user_id" bigint, "item_id" bigint, "created_at" timestamp NOT NULL, "updated_at" timestamp NOT NULL)[0m
  ↳ db/migrate/20210607100518_create_carts.rb:3
  [1m[35m (6.5ms)[0m  [1m[35mCREATE  INDEX  "index_carts_on_user_id" ON "carts"  ("user_id")[0m
  ↳ db/migrate/20210607100518_create_carts.rb:3
  [1m[35m (1.7ms)[0m  [1m[35mCREATE  INDEX  "index_carts_on_item_id" ON "carts"  ("item_id")[0m
  ↳ db/migrate/20210607100518_create_carts.rb:3
  [1m[36mActiveRecord::SchemaMigration Create (0.4ms)[0m  [1m[32mINSERT INTO "schema_migrations" ("version") VALUES ($1) RETURNING "version"[0m  [["version", "20210607100518"]]
  ↳ bin/rails:9
  [1m[35m (1.7ms)[0m  [1m[35mCOMMIT[0m
  ↳ bin/rails:9
Migrating to CreateOrders (20210607100805)
  [1m[35m (0.1ms)[0m  [1m[35mBEGIN[0m
  ↳ bin/rails:9
  [1m[35m (8.2ms)[0m  [1m[35mCREATE TABLE "orders" ("id" bigserial primary key, "stripe_customer_id" character varying, "user_id" bigint, "item_id" bigint, "created_at" timestamp NOT NULL, "updated_at" timestamp NOT NULL)[0m
  ↳ db/migrate/20210607100805_create_orders.rb:3
  [1m[35m (7.9ms)[0m  [1m[35mCREATE  INDEX  "index_orders_on_user_id" ON "orders"  ("user_id")[0m
  ↳ db/migrate/20210607100805_create_orders.rb:3
  [1m[35m (4.9ms)[0m  [1m[35mCREATE  INDEX  "index_orders_on_item_id" ON "orders"  ("item_id")[0m
  ↳ db/migrate/20210607100805_create_orders.rb:3
  [1m[36mActiveRecord::SchemaMigration Create (0.2ms)[0m  [1m[32mINSERT INTO "schema_migrations" ("version") VALUES ($1) RETURNING "version"[0m  [["version", "20210607100805"]]
  ↳ bin/rails:9
  [1m[35m (0.4ms)[0m  [1m[35mCOMMIT[0m
  ↳ bin/rails:9
  [1m[36mActiveRecord::InternalMetadata Load (0.5ms)[0m  [1m[34mSELECT  "ar_internal_metadata".* FROM "ar_internal_metadata" WHERE "ar_internal_metadata"."key" = $1 LIMIT $2[0m  [["key", "environment"], ["LIMIT", 1]]
  ↳ bin/rails:9
  [1m[35m (0.1ms)[0m  [1m[35mBEGIN[0m
  ↳ bin/rails:9
  [1m[36mActiveRecord::InternalMetadata Create (0.4ms)[0m  [1m[32mINSERT INTO "ar_internal_metadata" ("key", "value", "created_at", "updated_at") VALUES ($1, $2, $3, $4) RETURNING "key"[0m  [["key", "environment"], ["value", "development"], ["created_at", "2021-06-07 13:49:04.212617"], ["updated_at", "2021-06-07 13:49:04.212617"]]
  ↳ bin/rails:9
  [1m[35m (0.9ms)[0m  [1m[35mCOMMIT[0m
  ↳ bin/rails:9
  [1m[35m (0.2ms)[0m  [1m[34mSELECT pg_advisory_unlock(8304820991469652860)[0m
  ↳ bin/rails:9
  [1m[35m (0.2ms)[0m  [1m[34mSELECT "schema_migrations"."version" FROM "schema_migrations" ORDER BY "schema_migrations"."version" ASC[0m
  ↳ bin/rails:9
  [1m[35m (0.5ms)[0m  [1m[34mSELECT "schema_migrations"."version" FROM "schema_migrations" ORDER BY "schema_migrations"."version" ASC[0m
  ↳ bin/rails:9
  [1m[35m (0.5ms)[0m  [1m[34mSELECT "schema_migrations"."version" FROM "schema_migrations" ORDER BY "schema_migrations"."version" ASC[0m
  ↳ bin/rails:9
  [1m[35m (5.9ms)[0m  [1m[35mALTER SEQUENCE users_id_seq RESTART WITH 1[0m
  ↳ db/seeds.rb:7
  [1m[35m (10.7ms)[0m  [1m[35mALTER SEQUENCE items_id_seq RESTART WITH 1[0m
  ↳ db/seeds.rb:7
  [1m[35m (0.9ms)[0m  [1m[35mALTER SEQUENCE carts_id_seq RESTART WITH 1[0m
  ↳ db/seeds.rb:7
  [1m[35m (0.9ms)[0m  [1m[35mALTER SEQUENCE orders_id_seq RESTART WITH 1[0m
  ↳ db/seeds.rb:7
  [1m[36mOrder Load (0.5ms)[0m  [1m[34mSELECT "orders".* FROM "orders"[0m
  ↳ db/seeds.rb:10
  [1m[36mCart Load (0.5ms)[0m  [1m[34mSELECT "carts".* FROM "carts"[0m
  ↳ db/seeds.rb:11
  [1m[36mItem Load (0.5ms)[0m  [1m[34mSELECT "items".* FROM "items"[0m
  ↳ db/seeds.rb:12
  [1m[36mUser Load (0.6ms)[0m  [1m[34mSELECT "users".* FROM "users"[0m
  ↳ db/seeds.rb:13
  [1m[35m (0.1ms)[0m  [1m[35mBEGIN[0m
  ↳ db/seeds.rb:28
  [1m[36mUser Create (0.5ms)[0m  [1m[32mINSERT INTO "users" ("email", "encrypted_password", "created_at", "updated_at") VALUES ($1, $2, $3, $4) RETURNING "id"[0m  [["email", "anonymous@yopmail.com"], ["encrypted_password", "$2a$12$aQZO1swa5GzFNyxFwYThXe7wStcFKOF/0VdHVoez9nrxtvGCCNnoC"], ["created_at", "2021-06-07 14:34:05.892811"], ["updated_at", "2021-06-07 14:34:05.892811"]]
  ↳ db/seeds.rb:28
  [1m[35m (0.5ms)[0m  [1m[35mCOMMIT[0m
  ↳ db/seeds.rb:28
  [1m[35m (0.2ms)[0m  [1m[35mBEGIN[0m
  ↳ db/seeds.rb:44
  [1m[36mUser Create (0.4ms)[0m  [1m[32mINSERT INTO "users" ("email", "encrypted_password", "created_at", "updated_at") VALUES ($1, $2, $3, $4) RETURNING "id"[0m  [["email", "jim_okuneva@yopmail.com"], ["encrypted_password", "$2a$12$p56TqQb0B5jH6sWv3iMEz.elrM2bfxXZJWgBX6kgtbnGoocNVPiDO"], ["created_at", "2021-06-07 14:34:09.956275"], ["updated_at", "2021-06-07 14:34:09.956275"]]
  ↳ db/seeds.rb:44
  [1m[35m (0.7ms)[0m  [1m[35mCOMMIT[0m
  ↳ db/seeds.rb:44
  [1m[35m (0.3ms)[0m  [1m[35mBEGIN[0m
  ↳ db/seeds.rb:47
  [1m[36mItem Create (0.5ms)[0m  [1m[32mINSERT INTO "items" ("title", "description", "price", "image_url", "created_at", "updated_at") VALUES ($1, $2, $3, $4, $5, $6) RETURNING "id"[0m  [["title", "Photo n°1"], ["description", "Photo de chaton(s) fictive créée par seed."], ["price", "271.282396636493"], ["image_url", "http://kirlin.com/karey"], ["created_at", "2021-06-07 14:34:09.970943"], ["updated_at", "2021-06-07 14:34:09.970943"]]
  ↳ db/seeds.rb:47
  [1m[35m (0.6ms)[0m  [1m[35mCOMMIT[0m
  ↳ db/seeds.rb:47
  [1m[35m (0.5ms)[0m  [1m[34mSELECT "schema_migrations"."version" FROM "schema_migrations" ORDER BY "schema_migrations"."version" ASC[0m
  ↳ bin/rails:9
  [1m[35m (1.4ms)[0m  [1m[35mALTER SEQUENCE users_id_seq RESTART WITH 1[0m
  ↳ db/seeds.rb:7
  [1m[35m (3.2ms)[0m  [1m[35mALTER SEQUENCE items_id_seq RESTART WITH 1[0m
  ↳ db/seeds.rb:7
  [1m[35m (1.4ms)[0m  [1m[35mALTER SEQUENCE carts_id_seq RESTART WITH 1[0m
  ↳ db/seeds.rb:7
  [1m[35m (0.8ms)[0m  [1m[35mALTER SEQUENCE orders_id_seq RESTART WITH 1[0m
  ↳ db/seeds.rb:7
  [1m[36mOrder Load (0.5ms)[0m  [1m[34mSELECT "orders".* FROM "orders"[0m
  ↳ db/seeds.rb:10
  [1m[36mCart Load (0.5ms)[0m  [1m[34mSELECT "carts".* FROM "carts"[0m
  ↳ db/seeds.rb:11
  [1m[36mItem Load (0.9ms)[0m  [1m[34mSELECT "items".* FROM "items"[0m
  ↳ db/seeds.rb:12
  [1m[35m (0.5ms)[0m  [1m[35mBEGIN[0m
  ↳ db/seeds.rb:12
  [1m[36mItem Destroy (0.4ms)[0m  [1m[31mDELETE FROM "items" WHERE "items"."id" = $1[0m  [["id", 1]]
  ↳ db/seeds.rb:12
  [1m[35m (0.6ms)[0m  [1m[35mCOMMIT[0m
  ↳ db/seeds.rb:12
  [1m[36mUser Load (0.5ms)[0m  [1m[34mSELECT "users".* FROM "users"[0m
  ↳ db/seeds.rb:13
  [1m[35m (0.5ms)[0m  [1m[35mBEGIN[0m
  ↳ db/seeds.rb:13
  [1m[36mUser Destroy (0.3ms)[0m  [1m[31mDELETE FROM "users" WHERE "users"."id" = $1[0m  [["id", 1]]
  ↳ db/seeds.rb:13
  [1m[35m (0.8ms)[0m  [1m[35mCOMMIT[0m
  ↳ db/seeds.rb:13
  [1m[35m (0.1ms)[0m  [1m[35mBEGIN[0m
  ↳ db/seeds.rb:13
  [1m[36mUser Destroy (0.3ms)[0m  [1m[31mDELETE FROM "users" WHERE "users"."id" = $1[0m  [["id", 2]]
  ↳ db/seeds.rb:13
  [1m[35m (0.9ms)[0m  [1m[35mCOMMIT[0m
  ↳ db/seeds.rb:13
  [1m[35m (0.3ms)[0m  [1m[35mBEGIN[0m
  ↳ db/seeds.rb:28
  [1m[36mUser Create (0.5ms)[0m  [1m[32mINSERT INTO "users" ("email", "encrypted_password", "created_at", "updated_at") VALUES ($1, $2, $3, $4) RETURNING "id"[0m  [["email", "anonymous@yopmail.com"], ["encrypted_password", "$2a$12$FJdZvf.U2RHh8wDCndj2huP05aDX0exL0i4VztZHsH1QezUO0madK"], ["created_at", "2021-06-07 14:37:20.421136"], ["updated_at", "2021-06-07 14:37:20.421136"]]
  ↳ db/seeds.rb:28
  [1m[35m (1.0ms)[0m  [1m[35mCOMMIT[0m
  ↳ db/seeds.rb:28
  [1m[35m (0.1ms)[0m  [1m[35mBEGIN[0m
  ↳ db/seeds.rb:44
  [1m[36mUser Create (0.4ms)[0m  [1m[32mINSERT INTO "users" ("email", "encrypted_password", "created_at", "updated_at") VALUES ($1, $2, $3, $4) RETURNING "id"[0m  [["email", "roy_robel@yopmail.com"], ["encrypted_password", "$2a$12$wgxx6m6GqK/Nn/.ZO7irnOpTb8MfnfWoXi5zpOPxU02OnVVOa5OSG"], ["created_at", "2021-06-07 14:37:21.134529"], ["updated_at", "2021-06-07 14:37:21.134529"]]
  ↳ db/seeds.rb:44
  [1m[35m (0.6ms)[0m  [1m[35mCOMMIT[0m
  ↳ db/seeds.rb:44
  [1m[35m (0.1ms)[0m  [1m[35mBEGIN[0m
  ↳ db/seeds.rb:47
  [1m[36mItem Create (0.4ms)[0m  [1m[32mINSERT INTO "items" ("title", "description", "price", "image_url", "created_at", "updated_at") VALUES ($1, $2, $3, $4, $5, $6) RETURNING "id"[0m  [["title", "Photo n°1"], ["description", "Photo de chaton(s) fictive créée par seed."], ["price", "741.462164284931"], ["image_url", "http://cassin.io/susanna"], ["created_at", "2021-06-07 14:37:21.138341"], ["updated_at", "2021-06-07 14:37:21.138341"]]
  ↳ db/seeds.rb:47
  [1m[35m (0.6ms)[0m  [1m[35mCOMMIT[0m
  ↳ db/seeds.rb:47
  [1m[35m (1.4ms)[0m  [1m[34mSELECT "schema_migrations"."version" FROM "schema_migrations" ORDER BY "schema_migrations"."version" ASC[0m
  ↳ bin/rails:9
  [1m[35m (4.1ms)[0m  [1m[35mALTER SEQUENCE users_id_seq RESTART WITH 1[0m
  ↳ db/seeds.rb:7
  [1m[35m (1.2ms)[0m  [1m[35mALTER SEQUENCE items_id_seq RESTART WITH 1[0m
  ↳ db/seeds.rb:7
  [1m[35m (2.4ms)[0m  [1m[35mALTER SEQUENCE carts_id_seq RESTART WITH 1[0m
  ↳ db/seeds.rb:7
  [1m[35m (3.9ms)[0m  [1m[35mALTER SEQUENCE orders_id_seq RESTART WITH 1[0m
  ↳ db/seeds.rb:7
  [1m[36mOrder Load (0.7ms)[0m  [1m[34mSELECT "orders".* FROM "orders"[0m
  ↳ db/seeds.rb:10
  [1m[36mCart Load (0.7ms)[0m  [1m[34mSELECT "carts".* FROM "carts"[0m
  ↳ db/seeds.rb:11
  [1m[36mItem Load (6.8ms)[0m  [1m[34mSELECT "items".* FROM "items"[0m
  ↳ db/seeds.rb:12
  [1m[35m (0.4ms)[0m  [1m[35mBEGIN[0m
  ↳ db/seeds.rb:12
  [1m[36mItem Destroy (0.4ms)[0m  [1m[31mDELETE FROM "items" WHERE "items"."id" = $1[0m  [["id", 1]]
  ↳ db/seeds.rb:12
  [1m[35m (1.0ms)[0m  [1m[35mCOMMIT[0m
  ↳ db/seeds.rb:12
  [1m[36mUser Load (0.7ms)[0m  [1m[34mSELECT "users".* FROM "users"[0m
  ↳ db/seeds.rb:13
  [1m[35m (0.3ms)[0m  [1m[35mBEGIN[0m
  ↳ db/seeds.rb:13
  [1m[36mUser Destroy (0.3ms)[0m  [1m[31mDELETE FROM "users" WHERE "users"."id" = $1[0m  [["id", 1]]
  ↳ db/seeds.rb:13
  [1m[35m (0.6ms)[0m  [1m[35mCOMMIT[0m
  ↳ db/seeds.rb:13
  [1m[35m (0.2ms)[0m  [1m[35mBEGIN[0m
  ↳ db/seeds.rb:13
  [1m[36mUser Destroy (0.3ms)[0m  [1m[31mDELETE FROM "users" WHERE "users"."id" = $1[0m  [["id", 2]]
  ↳ db/seeds.rb:13
  [1m[35m (0.9ms)[0m  [1m[35mCOMMIT[0m
  ↳ db/seeds.rb:13
  [1m[35m (0.1ms)[0m  [1m[35mBEGIN[0m
  ↳ db/seeds.rb:28
  [1m[36mUser Create (0.3ms)[0m  [1m[32mINSERT INTO "users" ("email", "encrypted_password", "created_at", "updated_at") VALUES ($1, $2, $3, $4) RETURNING "id"[0m  [["email", "anonymous@yopmail.com"], ["encrypted_password", "$2a$12$uFEUAROq2c1wU4AcJdnJYuoNE4BT4cue76MFlv1/ti96kV1TC.Ewe"], ["created_at", "2021-06-07 14:38:39.432139"], ["updated_at", "2021-06-07 14:38:39.432139"]]
  ↳ db/seeds.rb:28
  [1m[35m (0.8ms)[0m  [1m[35mCOMMIT[0m
  ↳ db/seeds.rb:28
  [1m[35m (0.2ms)[0m  [1m[35mBEGIN[0m
  ↳ db/seeds.rb:44
  [1m[36mUser Create (0.3ms)[0m  [1m[32mINSERT INTO "users" ("email", "encrypted_password", "created_at", "updated_at") VALUES ($1, $2, $3, $4) RETURNING "id"[0m  [["email", "adan_shields@yopmail.com"], ["encrypted_password", "$2a$12$Y/J59W4y9RSv1mcynRm9qO6vGA2Bft7/2Ky5.7TfBkwBa4p8uWE76"], ["created_at", "2021-06-07 14:38:40.155116"], ["updated_at", "2021-06-07 14:38:40.155116"]]
  ↳ db/seeds.rb:44
  [1m[35m (0.7ms)[0m  [1m[35mCOMMIT[0m
  ↳ db/seeds.rb:44
  [1m[35m (0.1ms)[0m  [1m[35mBEGIN[0m
  ↳ db/seeds.rb:47
  [1m[36mItem Create (0.5ms)[0m  [1m[32mINSERT INTO "items" ("title", "description", "price", "image_url", "created_at", "updated_at") VALUES ($1, $2, $3, $4, $5, $6) RETURNING "id"[0m  [["title", "Photo n°1"], ["description", "Photo de chaton(s) fictive créée par seed."], ["price", "600.624823550026"], ["image_url", "http://swift.io/perry.altenwerth"], ["created_at", "2021-06-07 14:38:40.165132"], ["updated_at", "2021-06-07 14:38:40.165132"]]
  ↳ db/seeds.rb:47
  [1m[35m (0.5ms)[0m  [1m[35mCOMMIT[0m
  ↳ db/seeds.rb:47
  [1m[35m (0.2ms)[0m  [1m[35mBEGIN[0m
  ↳ db/seeds.rb:57
  [1m[36mUser Load (0.2ms)[0m  [1m[34mSELECT  "users".* FROM "users" WHERE "users"."id" = $1 LIMIT $2[0m  [["id", 2], ["LIMIT", 1]]
  ↳ db/seeds.rb:57
  [1m[36mOrder Create (0.6ms)[0m  [1m[32mINSERT INTO "orders" ("user_id", "item_id", "created_at", "updated_at") VALUES ($1, $2, $3, $4) RETURNING "id"[0m  [["user_id", 2], ["item_id", 1], ["created_at", "2021-06-07 14:38:40.194727"], ["updated_at", "2021-06-07 14:38:40.194727"]]
  ↳ db/seeds.rb:57
  [1m[35m (0.5ms)[0m  [1m[35mCOMMIT[0m
  ↳ db/seeds.rb:57
  [1m[35m (0.1ms)[0m  [1m[35mBEGIN[0m
  ↳ db/seeds.rb:44
  [1m[36mUser Create (0.3ms)[0m  [1m[32mINSERT INTO "users" ("email", "encrypted_password", "created_at", "updated_at") VALUES ($1, $2, $3, $4) RETURNING "id"[0m  [["email", "domenic_nolan@yopmail.com"], ["encrypted_password", "$2a$12$jclJwJEffWFxwHuk.KSv8ujy02fP7HI4TDcTXzH6r/0m9wr74ybHm"], ["created_at", "2021-06-07 14:38:40.436708"], ["updated_at", "2021-06-07 14:38:40.436708"]]
  ↳ db/seeds.rb:44
  [1m[35m (0.5ms)[0m  [1m[35mCOMMIT[0m
  ↳ db/seeds.rb:44
  [1m[35m (0.1ms)[0m  [1m[35mBEGIN[0m
  ↳ db/seeds.rb:47
  [1m[36mItem Create (0.3ms)[0m  [1m[32mINSERT INTO "items" ("title", "description", "price", "image_url", "created_at", "updated_at") VALUES ($1, $2, $3, $4, $5, $6) RETURNING "id"[0m  [["title", "Photo n°2"], ["description", "Photo de chaton(s) fictive créée par seed."], ["price", "80.1084266453719"], ["image_url", "http://lang.org/allison_bernier"], ["created_at", "2021-06-07 14:38:40.440811"], ["updated_at", "2021-06-07 14:38:40.440811"]]
  ↳ db/seeds.rb:47
  [1m[35m (0.5ms)[0m  [1m[35mCOMMIT[0m
  ↳ db/seeds.rb:47
  [1m[35m (0.1ms)[0m  [1m[35mBEGIN[0m
  ↳ db/seeds.rb:57
  [1m[36mUser Load (0.2ms)[0m  [1m[34mSELECT  "users".* FROM "users" WHERE "users"."id" = $1 LIMIT $2[0m  [["id", 3], ["LIMIT", 1]]
  ↳ db/seeds.rb:57
  [1m[36mOrder Create (0.3ms)[0m  [1m[32mINSERT INTO "orders" ("user_id", "item_id", "created_at", "updated_at") VALUES ($1, $2, $3, $4) RETURNING "id"[0m  [["user_id", 3], ["item_id", 2], ["created_at", "2021-06-07 14:38:40.445258"], ["updated_at", "2021-06-07 14:38:40.445258"]]
  ↳ db/seeds.rb:57
  [1m[35m (0.5ms)[0m  [1m[35mCOMMIT[0m
  ↳ db/seeds.rb:57
  [1m[35m (0.1ms)[0m  [1m[35mBEGIN[0m
  ↳ db/seeds.rb:44
  [1m[36mUser Create (0.4ms)[0m  [1m[32mINSERT INTO "users" ("email", "encrypted_password", "created_at", "updated_at") VALUES ($1, $2, $3, $4) RETURNING "id"[0m  [["email", "deangelo_mckenzie@yopmail.com"], ["encrypted_password", "$2a$12$X75Y1PJjV/HploF2hbFhxuFpUAWSi5l/lwY4VhPAF7x5.tM0yLamu"], ["created_at", "2021-06-07 14:38:40.688764"], ["updated_at", "2021-06-07 14:38:40.688764"]]
  ↳ db/seeds.rb:44
  [1m[35m (0.7ms)[0m  [1m[35mCOMMIT[0m
  ↳ db/seeds.rb:44
  [1m[35m (0.1ms)[0m  [1m[35mBEGIN[0m
  ↳ db/seeds.rb:47
  [1m[36mItem Create (0.3ms)[0m  [1m[32mINSERT INTO "items" ("title", "description", "price", "image_url", "created_at", "updated_at") VALUES ($1, $2, $3, $4, $5, $6) RETURNING "id"[0m  [["title", "Photo n°3"], ["description", "Photo de chaton(s) fictive créée par seed."], ["price", "228.490760050261"], ["image_url", "http://veum-mosciski.org/meri"], ["created_at", "2021-06-07 14:38:40.692735"], ["updated_at", "2021-06-07 14:38:40.692735"]]
  ↳ db/seeds.rb:47
  [1m[35m (0.7ms)[0m  [1m[35mCOMMIT[0m
  ↳ db/seeds.rb:47
  [1m[35m (0.1ms)[0m  [1m[35mBEGIN[0m
  ↳ db/seeds.rb:57
  [1m[36mUser Load (0.3ms)[0m  [1m[34mSELECT  "users".* FROM "users" WHERE "users"."id" = $1 LIMIT $2[0m  [["id", 4], ["LIMIT", 1]]
  ↳ db/seeds.rb:57
  [1m[36mOrder Create (0.2ms)[0m  [1m[32mINSERT INTO "orders" ("user_id", "item_id", "created_at", "updated_at") VALUES ($1, $2, $3, $4) RETURNING "id"[0m  [["user_id", 4], ["item_id", 3], ["created_at", "2021-06-07 14:38:40.696854"], ["updated_at", "2021-06-07 14:38:40.696854"]]
  ↳ db/seeds.rb:57
  [1m[35m (0.7ms)[0m  [1m[35mCOMMIT[0m
  ↳ db/seeds.rb:57
  [1m[36mUser Load (0.2ms)[0m  [1m[34mSELECT "users".* FROM "users"[0m
  ↳ db/seeds.rb:66
  [1m[36mItem Load (0.2ms)[0m  [1m[34mSELECT "items".* FROM "items"[0m
  ↳ db/seeds.rb:74
  [1m[36mOrder Load (0.2ms)[0m  [1m[34mSELECT "orders".* FROM "orders"[0m
  ↳ db/seeds.rb:77
Started GET "/" for 127.0.0.1 at 2021-06-07 16:43:19 +0200
  [1m[35m (0.7ms)[0m  [1m[34mSELECT "schema_migrations"."version" FROM "schema_migrations" ORDER BY "schema_migrations"."version" ASC[0m
  ↳ /home/caro/.rvm/gems/ruby-2.7.1/gems/activerecord-5.2.3/lib/active_record/log_subscriber.rb:98
Processing by Rails::WelcomeController#index as HTML
  Rendering /home/caro/.rvm/gems/ruby-2.7.1/gems/railties-5.2.3/lib/rails/templates/rails/welcome/index.html.erb
  Rendered /home/caro/.rvm/gems/ruby-2.7.1/gems/railties-5.2.3/lib/rails/templates/rails/welcome/index.html.erb (8.2ms)
Completed 200 OK in 37ms (Views: 31.9ms | ActiveRecord: 0.0ms)


Started GET "/users/new" for 127.0.0.1 at 2021-06-07 16:43:32 +0200
  
ActionController::RoutingError (No route matches [GET] "/users/new"):
  
actionpack (5.2.3) lib/action_dispatch/middleware/debug_exceptions.rb:65:in `call'
web-console (3.7.0) lib/web_console/middleware.rb:135:in `call_app'
web-console (3.7.0) lib/web_console/middleware.rb:30:in `block in call'
web-console (3.7.0) lib/web_console/middleware.rb:20:in `catch'
web-console (3.7.0) lib/web_console/middleware.rb:20:in `call'
actionpack (5.2.3) lib/action_dispatch/middleware/show_exceptions.rb:33:in `call'
railties (5.2.3) lib/rails/rack/logger.rb:38:in `call_app'
railties (5.2.3) lib/rails/rack/logger.rb:26:in `block in call'
activesupport (5.2.3) lib/active_support/tagged_logging.rb:71:in `block in tagged'
activesupport (5.2.3) lib/active_support/tagged_logging.rb:28:in `tagged'
activesupport (5.2.3) lib/active_support/tagged_logging.rb:71:in `tagged'
railties (5.2.3) lib/rails/rack/logger.rb:26:in `call'
sprockets-rails (3.2.2) lib/sprockets/rails/quiet_assets.rb:13:in `call'
actionpack (5.2.3) lib/action_dispatch/middleware/remote_ip.rb:81:in `call'
actionpack (5.2.3) lib/action_dispatch/middleware/request_id.rb:27:in `call'
rack (2.2.3) lib/rack/method_override.rb:24:in `call'
rack (2.2.3) lib/rack/runtime.rb:22:in `call'
activesupport (5.2.3) lib/active_support/cache/strategy/local_cache_middleware.rb:29:in `call'
actionpack (5.2.3) lib/action_dispatch/middleware/executor.rb:14:in `call'
actionpack (5.2.3) lib/action_dispatch/middleware/static.rb:127:in `call'
rack (2.2.3) lib/rack/sendfile.rb:110:in `call'
railties (5.2.3) lib/rails/engine.rb:524:in `call'
puma (3.12.6) lib/puma/configuration.rb:227:in `call'
puma (3.12.6) lib/puma/server.rb:706:in `handle_request'
puma (3.12.6) lib/puma/server.rb:476:in `process_client'
puma (3.12.6) lib/puma/server.rb:334:in `block in run'
puma (3.12.6) lib/puma/thread_pool.rb:135:in `block in spawn_thread'
Started GET "/users/sign_up" for 127.0.0.1 at 2021-06-07 16:44:16 +0200
Processing by Devise::RegistrationsController#new as HTML
  Rendering devise/registrations/new.html.erb within layouts/application
  Rendered devise/shared/_error_messages.html.erb (1.2ms)
  Rendered devise/shared/_links.html.erb (1.3ms)
  Rendered devise/registrations/new.html.erb within layouts/application (542.6ms)
Completed 200 OK in 3947ms (Views: 3914.5ms | ActiveRecord: 12.0ms)


Started GET "/users/sign_in" for 127.0.0.1 at 2021-06-07 16:44:38 +0200
Processing by Devise::SessionsController#new as HTML
  Rendering devise/sessions/new.html.erb within layouts/application
  Rendered devise/shared/_links.html.erb (1.8ms)
  Rendered devise/sessions/new.html.erb within layouts/application (16.8ms)
Completed 200 OK in 112ms (Views: 102.2ms | ActiveRecord: 0.0ms)


Started POST "/users/sign_in" for 127.0.0.1 at 2021-06-07 16:45:08 +0200
Processing by Devise::SessionsController#create as HTML
  Parameters: {"utf8"=>"✓", "authenticity_token"=>"2AWNmzU86z0hd9Ga+bk2UQCLAfUXd5ALTLC4pb2Pd0trVw8TaOmZi1R3Ovr4kGlP+/e1T9XuWinPaaI9t9ADCQ==", "user"=>{"email"=>"anonymous@yopmail.com", "password"=>"[FILTERED]", "remember_me"=>"0"}, "commit"=>"Log in"}
  [1m[36mUser Load (0.5ms)[0m  [1m[34mSELECT  "users".* FROM "users" WHERE "users"."email" = $1 ORDER BY "users"."id" ASC LIMIT $2[0m  [["email", "anonymous@yopmail.com"], ["LIMIT", 1]]
  ↳ /home/caro/.rvm/gems/ruby-2.7.1/gems/activerecord-5.2.3/lib/active_record/log_subscriber.rb:98
Redirected to http://localhost:3000/
Completed 302 Found in 311ms (ActiveRecord: 0.7ms)


Started GET "/" for 127.0.0.1 at 2021-06-07 16:45:09 +0200
Processing by Rails::WelcomeController#index as HTML
  Rendering /home/caro/.rvm/gems/ruby-2.7.1/gems/railties-5.2.3/lib/rails/templates/rails/welcome/index.html.erb
  Rendered /home/caro/.rvm/gems/ruby-2.7.1/gems/railties-5.2.3/lib/rails/templates/rails/welcome/index.html.erb (2.9ms)
Completed 200 OK in 6ms (Views: 5.2ms | ActiveRecord: 0.0ms)



ActiveRecord::PendingMigrationError - Migrations are pending. To resolve this issue, run:
        bin/rails db:migrate RAILS_ENV=development:


ActiveRecord::PendingMigrationError - Migrations are pending. To resolve this issue, run:
        bin/rails db:migrate RAILS_ENV=development:


ActiveRecord::PendingMigrationError - Migrations are pending. To resolve this issue, run:
        bin/rails db:migrate RAILS_ENV=development:


ActiveRecord::PendingMigrationError - Migrations are pending. To resolve this issue, run:
        bin/rails db:migrate RAILS_ENV=development:


ActiveRecord::PendingMigrationError - Migrations are pending. To resolve this issue, run:
        bin/rails db:migrate RAILS_ENV=development:

Started GET "/users/sign_in" for 127.0.0.1 at 2021-06-07 19:06:27 +0200
  [1m[35m (0.2ms)[0m  [1m[34mSELECT "schema_migrations"."version" FROM "schema_migrations" ORDER BY "schema_migrations"."version" ASC[0m
  ↳ /home/lnha/.rvm/gems/ruby-2.7.1/gems/activerecord-5.2.3/lib/active_record/log_subscriber.rb:98

ActiveRecord::PendingMigrationError - Migrations are pending. To resolve this issue, run:
        bin/rails db:migrate RAILS_ENV=development:

Started POST "/__better_errors/0caaf7116a0b47b5/variables" for 127.0.0.1 at 2021-06-07 19:06:27 +0200
  [1m[35m (104.4ms)[0m  [1m[35mCREATE DATABASE "Kittens_market_development" ENCODING = 'unicode'[0m
  ↳ bin/rails:9
  [1m[35m (1.6ms)[0m  [1m[35mCREATE DATABASE "Kittens_market_test" ENCODING = 'unicode'[0m
  ↳ bin/rails:9
  [1m[35m (0.6ms)[0m  [1m[34mSELECT "schema_migrations"."version" FROM "schema_migrations" ORDER BY "schema_migrations"."version" ASC[0m
  ↳ bin/rails:9
  [1m[35m (10.1ms)[0m  [1m[34mSELECT pg_try_advisory_lock(8304820991469652860)[0m
  ↳ bin/rails:9
  [1m[35m (0.4ms)[0m  [1m[34mSELECT "schema_migrations"."version" FROM "schema_migrations" ORDER BY "schema_migrations"."version" ASC[0m
  ↳ bin/rails:9
Migrating to DeviseCreateUsers (20210607082923)
  [1m[35m (0.2ms)[0m  [1m[35mBEGIN[0m
  ↳ bin/rails:9
  [1m[35m (808.7ms)[0m  [1m[35mCREATE TABLE "users" ("id" bigserial primary key, "email" character varying DEFAULT '' NOT NULL, "encrypted_password" character varying DEFAULT '' NOT NULL, "reset_password_token" character varying, "reset_password_sent_at" timestamp, "remember_created_at" timestamp, "created_at" timestamp NOT NULL, "updated_at" timestamp NOT NULL)[0m
  ↳ db/migrate/20210607082923_devise_create_users.rb:5
  [1m[35m (0.4ms)[0m  [1m[31mROLLBACK[0m
  ↳ bin/rails:9
  [1m[35m (0.4ms)[0m  [1m[34mSELECT pg_advisory_unlock(8304820991469652860)[0m
  ↳ bin/rails:9
  [1m[35m (2.2ms)[0m  [1m[35mCREATE DATABASE "Kittens_market_development" ENCODING = 'unicode'[0m
  ↳ bin/rails:9
  [1m[35m (1.9ms)[0m  [1m[35mCREATE DATABASE "Kittens_market_test" ENCODING = 'unicode'[0m
  ↳ bin/rails:9
  [1m[35m (354.2ms)[0m  [1m[35mDROP DATABASE IF EXISTS "Kittens_market_development"[0m
  ↳ /home/lnha/.rvm/gems/ruby-2.7.1/bin/rake:23
  [1m[35m (227.6ms)[0m  [1m[35mDROP DATABASE IF EXISTS "Kittens_market_test"[0m
  ↳ /home/lnha/.rvm/gems/ruby-2.7.1/bin/rake:23
  [1m[35m (453.9ms)[0m  [1m[35mCREATE TABLE "schema_migrations" ("version" character varying NOT NULL PRIMARY KEY)[0m
  ↳ /home/lnha/.rvm/gems/ruby-2.7.1/bin/rake:23
  [1m[35m (128.3ms)[0m  [1m[35mCREATE TABLE "ar_internal_metadata" ("key" character varying NOT NULL PRIMARY KEY, "value" character varying, "created_at" timestamp NOT NULL, "updated_at" timestamp NOT NULL)[0m
  ↳ /home/lnha/.rvm/gems/ruby-2.7.1/bin/rake:23
  [1m[35m (0.5ms)[0m  [1m[34mSELECT pg_try_advisory_lock(737815420147457505)[0m
  ↳ /home/lnha/.rvm/gems/ruby-2.7.1/bin/rake:23
  [1m[35m (1.0ms)[0m  [1m[34mSELECT "schema_migrations"."version" FROM "schema_migrations" ORDER BY "schema_migrations"."version" ASC[0m
  ↳ /home/lnha/.rvm/gems/ruby-2.7.1/bin/rake:23
Migrating to DeviseCreateUsers (20210607082923)
  [1m[35m (0.2ms)[0m  [1m[35mBEGIN[0m
  ↳ /home/lnha/.rvm/gems/ruby-2.7.1/bin/rake:23
  [1m[35m (137.1ms)[0m  [1m[35mCREATE TABLE "users" ("id" bigserial primary key, "email" character varying DEFAULT '' NOT NULL, "encrypted_password" character varying DEFAULT '' NOT NULL, "reset_password_token" character varying, "reset_password_sent_at" timestamp, "remember_created_at" timestamp, "created_at" timestamp NOT NULL, "updated_at" timestamp NOT NULL)[0m
  ↳ db/migrate/20210607082923_devise_create_users.rb:5
  [1m[35m (35.5ms)[0m  [1m[35mCREATE UNIQUE INDEX  "index_users_on_email" ON "users"  ("email")[0m
  ↳ db/migrate/20210607082923_devise_create_users.rb:39
  [1m[35m (37.2ms)[0m  [1m[35mCREATE UNIQUE INDEX  "index_users_on_reset_password_token" ON "users"  ("reset_password_token")[0m
  ↳ db/migrate/20210607082923_devise_create_users.rb:40
  [1m[36mActiveRecord::SchemaMigration Create (1.0ms)[0m  [1m[32mINSERT INTO "schema_migrations" ("version") VALUES ($1) RETURNING "version"[0m  [["version", "20210607082923"]]
  ↳ /home/lnha/.rvm/gems/ruby-2.7.1/bin/rake:23
  [1m[35m (9.0ms)[0m  [1m[35mCOMMIT[0m
  ↳ /home/lnha/.rvm/gems/ruby-2.7.1/bin/rake:23
Migrating to CreateItems (20210607100218)
  [1m[35m (0.3ms)[0m  [1m[35mBEGIN[0m
  ↳ /home/lnha/.rvm/gems/ruby-2.7.1/bin/rake:23
  [1m[35m (98.6ms)[0m  [1m[35mCREATE TABLE "items" ("id" bigserial primary key, "title" character varying, "description" text, "price" decimal, "image_url" character varying, "created_at" timestamp NOT NULL, "updated_at" timestamp NOT NULL)[0m
  ↳ db/migrate/20210607100218_create_items.rb:3
  [1m[36mActiveRecord::SchemaMigration Create (0.5ms)[0m  [1m[32mINSERT INTO "schema_migrations" ("version") VALUES ($1) RETURNING "version"[0m  [["version", "20210607100218"]]
  ↳ /home/lnha/.rvm/gems/ruby-2.7.1/bin/rake:23
  [1m[35m (11.5ms)[0m  [1m[35mCOMMIT[0m
  ↳ /home/lnha/.rvm/gems/ruby-2.7.1/bin/rake:23
Migrating to CreateCarts (20210607100518)
  [1m[35m (0.6ms)[0m  [1m[35mBEGIN[0m
  ↳ /home/lnha/.rvm/gems/ruby-2.7.1/bin/rake:23
  [1m[35m (36.9ms)[0m  [1m[35mCREATE TABLE "carts" ("id" bigserial primary key, "user_id" bigint, "item_id" bigint, "created_at" timestamp NOT NULL, "updated_at" timestamp NOT NULL)[0m
  ↳ db/migrate/20210607100518_create_carts.rb:3
  [1m[35m (36.1ms)[0m  [1m[35mCREATE  INDEX  "index_carts_on_user_id" ON "carts"  ("user_id")[0m
  ↳ db/migrate/20210607100518_create_carts.rb:3
  [1m[35m (37.7ms)[0m  [1m[35mCREATE  INDEX  "index_carts_on_item_id" ON "carts"  ("item_id")[0m
  ↳ db/migrate/20210607100518_create_carts.rb:3
  [1m[36mActiveRecord::SchemaMigration Create (0.5ms)[0m  [1m[32mINSERT INTO "schema_migrations" ("version") VALUES ($1) RETURNING "version"[0m  [["version", "20210607100518"]]
  ↳ /home/lnha/.rvm/gems/ruby-2.7.1/bin/rake:23
  [1m[35m (10.7ms)[0m  [1m[35mCOMMIT[0m
  ↳ /home/lnha/.rvm/gems/ruby-2.7.1/bin/rake:23
Migrating to CreateOrders (20210607100805)
  [1m[35m (0.4ms)[0m  [1m[35mBEGIN[0m
  ↳ /home/lnha/.rvm/gems/ruby-2.7.1/bin/rake:23
  [1m[35m (67.2ms)[0m  [1m[35mCREATE TABLE "orders" ("id" bigserial primary key, "stripe_customer_id" character varying, "user_id" bigint, "item_id" bigint, "created_at" timestamp NOT NULL, "updated_at" timestamp NOT NULL)[0m
  ↳ db/migrate/20210607100805_create_orders.rb:3
  [1m[35m (37.3ms)[0m  [1m[35mCREATE  INDEX  "index_orders_on_user_id" ON "orders"  ("user_id")[0m
  ↳ db/migrate/20210607100805_create_orders.rb:3
  [1m[35m (38.0ms)[0m  [1m[35mCREATE  INDEX  "index_orders_on_item_id" ON "orders"  ("item_id")[0m
  ↳ db/migrate/20210607100805_create_orders.rb:3
  [1m[36mActiveRecord::SchemaMigration Create (0.6ms)[0m  [1m[32mINSERT INTO "schema_migrations" ("version") VALUES ($1) RETURNING "version"[0m  [["version", "20210607100805"]]
  ↳ /home/lnha/.rvm/gems/ruby-2.7.1/bin/rake:23
  [1m[35m (9.8ms)[0m  [1m[35mCOMMIT[0m
  ↳ /home/lnha/.rvm/gems/ruby-2.7.1/bin/rake:23
  [1m[36mActiveRecord::InternalMetadata Load (0.6ms)[0m  [1m[34mSELECT  "ar_internal_metadata".* FROM "ar_internal_metadata" WHERE "ar_internal_metadata"."key" = $1 LIMIT $2[0m  [["key", "environment"], ["LIMIT", 1]]
  ↳ /home/lnha/.rvm/gems/ruby-2.7.1/bin/rake:23
  [1m[35m (0.3ms)[0m  [1m[35mBEGIN[0m
  ↳ /home/lnha/.rvm/gems/ruby-2.7.1/bin/rake:23
  [1m[36mActiveRecord::InternalMetadata Create (0.8ms)[0m  [1m[32mINSERT INTO "ar_internal_metadata" ("key", "value", "created_at", "updated_at") VALUES ($1, $2, $3, $4) RETURNING "key"[0m  [["key", "environment"], ["value", "development"], ["created_at", "2021-06-07 17:21:27.111493"], ["updated_at", "2021-06-07 17:21:27.111493"]]
  ↳ /home/lnha/.rvm/gems/ruby-2.7.1/bin/rake:23
  [1m[35m (7.0ms)[0m  [1m[35mCOMMIT[0m
  ↳ /home/lnha/.rvm/gems/ruby-2.7.1/bin/rake:23
  [1m[35m (0.5ms)[0m  [1m[34mSELECT pg_advisory_unlock(737815420147457505)[0m
  ↳ /home/lnha/.rvm/gems/ruby-2.7.1/bin/rake:23
  [1m[35m (0.5ms)[0m  [1m[34mSELECT "schema_migrations"."version" FROM "schema_migrations" ORDER BY "schema_migrations"."version" ASC[0m
  ↳ /home/lnha/.rvm/gems/ruby-2.7.1/bin/rake:23
  [1m[35m (1412.3ms)[0m  [1m[35mCREATE DATABASE "Kittens_market_development" ENCODING = 'unicode'[0m
  ↳ /home/lnha/.rvm/gems/ruby-2.7.1/bin/rake:23
  [1m[35m (1661.4ms)[0m  [1m[35mCREATE DATABASE "Kittens_market_test" ENCODING = 'unicode'[0m
  ↳ /home/lnha/.rvm/gems/ruby-2.7.1/bin/rake:23
  [1m[35m (231.5ms)[0m  [1m[35mDROP DATABASE IF EXISTS "Kittens_market_development"[0m
  ↳ /home/lnha/.rvm/gems/ruby-2.7.1/bin/rake:23
  [1m[35m (361.6ms)[0m  [1m[35mDROP DATABASE IF EXISTS "Kittens_market_test"[0m
  ↳ /home/lnha/.rvm/gems/ruby-2.7.1/bin/rake:23
  [1m[35m (551.0ms)[0m  [1m[35mCREATE DATABASE "Kittens_market_development" ENCODING = 'unicode'[0m
  ↳ bin/rails:9
  [1m[35m (785.1ms)[0m  [1m[35mCREATE DATABASE "Kittens_market_test" ENCODING = 'unicode'[0m
  ↳ bin/rails:9
  [1m[35m (171.9ms)[0m  [1m[35mCREATE TABLE "schema_migrations" ("version" character varying NOT NULL PRIMARY KEY)[0m
  ↳ bin/rails:9
  [1m[35m (79.4ms)[0m  [1m[35mCREATE TABLE "ar_internal_metadata" ("key" character varying NOT NULL PRIMARY KEY, "value" character varying, "created_at" timestamp NOT NULL, "updated_at" timestamp NOT NULL)[0m
  ↳ bin/rails:9
  [1m[35m (0.5ms)[0m  [1m[34mSELECT pg_try_advisory_lock(8304820991469652860)[0m
  ↳ bin/rails:9
  [1m[35m (1.0ms)[0m  [1m[34mSELECT "schema_migrations"."version" FROM "schema_migrations" ORDER BY "schema_migrations"."version" ASC[0m
  ↳ bin/rails:9
Migrating to DeviseCreateUsers (20210607082923)
  [1m[35m (0.3ms)[0m  [1m[35mBEGIN[0m
  ↳ bin/rails:9
  [1m[35m (67.1ms)[0m  [1m[35mCREATE TABLE "users" ("id" bigserial primary key, "email" character varying DEFAULT '' NOT NULL, "encrypted_password" character varying DEFAULT '' NOT NULL, "reset_password_token" character varying, "reset_password_sent_at" timestamp, "remember_created_at" timestamp, "created_at" timestamp NOT NULL, "updated_at" timestamp NOT NULL)[0m
  ↳ db/migrate/20210607082923_devise_create_users.rb:5
  [1m[35m (36.6ms)[0m  [1m[35mCREATE UNIQUE INDEX  "index_users_on_email" ON "users"  ("email")[0m
  ↳ db/migrate/20210607082923_devise_create_users.rb:39
  [1m[35m (41.0ms)[0m  [1m[35mCREATE UNIQUE INDEX  "index_users_on_reset_password_token" ON "users"  ("reset_password_token")[0m
  ↳ db/migrate/20210607082923_devise_create_users.rb:40
  [1m[36mActiveRecord::SchemaMigration Create (0.9ms)[0m  [1m[32mINSERT INTO "schema_migrations" ("version") VALUES ($1) RETURNING "version"[0m  [["version", "20210607082923"]]
  ↳ bin/rails:9
  [1m[35m (8.0ms)[0m  [1m[35mCOMMIT[0m
  ↳ bin/rails:9
Migrating to CreateItems (20210607100218)
  [1m[35m (0.3ms)[0m  [1m[35mBEGIN[0m
  ↳ bin/rails:9
  [1m[35m (72.8ms)[0m  [1m[35mCREATE TABLE "items" ("id" bigserial primary key, "title" character varying, "description" text, "price" decimal, "image_url" character varying, "created_at" timestamp NOT NULL, "updated_at" timestamp NOT NULL)[0m
  ↳ db/migrate/20210607100218_create_items.rb:3
  [1m[36mActiveRecord::SchemaMigration Create (0.6ms)[0m  [1m[32mINSERT INTO "schema_migrations" ("version") VALUES ($1) RETURNING "version"[0m  [["version", "20210607100218"]]
  ↳ bin/rails:9
  [1m[35m (7.6ms)[0m  [1m[35mCOMMIT[0m
  ↳ bin/rails:9
Migrating to CreateCarts (20210607100518)
  [1m[35m (0.2ms)[0m  [1m[35mBEGIN[0m
  ↳ bin/rails:9
  [1m[35m (33.9ms)[0m  [1m[35mCREATE TABLE "carts" ("id" bigserial primary key, "user_id" bigint, "item_id" bigint, "created_at" timestamp NOT NULL, "updated_at" timestamp NOT NULL)[0m
  ↳ db/migrate/20210607100518_create_carts.rb:3
  [1m[35m (36.8ms)[0m  [1m[35mCREATE  INDEX  "index_carts_on_user_id" ON "carts"  ("user_id")[0m
  ↳ db/migrate/20210607100518_create_carts.rb:3
  [1m[35m (40.6ms)[0m  [1m[35mCREATE  INDEX  "index_carts_on_item_id" ON "carts"  ("item_id")[0m
  ↳ db/migrate/20210607100518_create_carts.rb:3
  [1m[36mActiveRecord::SchemaMigration Create (0.5ms)[0m  [1m[32mINSERT INTO "schema_migrations" ("version") VALUES ($1) RETURNING "version"[0m  [["version", "20210607100518"]]
  ↳ bin/rails:9
  [1m[35m (4.3ms)[0m  [1m[35mCOMMIT[0m
  ↳ bin/rails:9
Migrating to CreateOrders (20210607100805)
  [1m[35m (0.3ms)[0m  [1m[35mBEGIN[0m
  ↳ bin/rails:9
  [1m[35m (59.4ms)[0m  [1m[35mCREATE TABLE "orders" ("id" bigserial primary key, "stripe_customer_id" character varying, "user_id" bigint, "item_id" bigint, "created_at" timestamp NOT NULL, "updated_at" timestamp NOT NULL)[0m
  ↳ db/migrate/20210607100805_create_orders.rb:3
  [1m[35m (29.5ms)[0m  [1m[35mCREATE  INDEX  "index_orders_on_user_id" ON "orders"  ("user_id")[0m
  ↳ db/migrate/20210607100805_create_orders.rb:3
  [1m[35m (29.6ms)[0m  [1m[35mCREATE  INDEX  "index_orders_on_item_id" ON "orders"  ("item_id")[0m
  ↳ db/migrate/20210607100805_create_orders.rb:3
  [1m[36mActiveRecord::SchemaMigration Create (0.6ms)[0m  [1m[32mINSERT INTO "schema_migrations" ("version") VALUES ($1) RETURNING "version"[0m  [["version", "20210607100805"]]
  ↳ bin/rails:9
  [1m[35m (5.8ms)[0m  [1m[35mCOMMIT[0m
  ↳ bin/rails:9
  [1m[36mActiveRecord::InternalMetadata Load (0.7ms)[0m  [1m[34mSELECT  "ar_internal_metadata".* FROM "ar_internal_metadata" WHERE "ar_internal_metadata"."key" = $1 LIMIT $2[0m  [["key", "environment"], ["LIMIT", 1]]
  ↳ bin/rails:9
  [1m[35m (0.3ms)[0m  [1m[35mBEGIN[0m
  ↳ bin/rails:9
  [1m[36mActiveRecord::InternalMetadata Create (10.0ms)[0m  [1m[32mINSERT INTO "ar_internal_metadata" ("key", "value", "created_at", "updated_at") VALUES ($1, $2, $3, $4) RETURNING "key"[0m  [["key", "environment"], ["value", "development"], ["created_at", "2021-06-07 17:23:06.434009"], ["updated_at", "2021-06-07 17:23:06.434009"]]
  ↳ bin/rails:9
  [1m[35m (30.3ms)[0m  [1m[35mCOMMIT[0m
  ↳ bin/rails:9
  [1m[35m (0.5ms)[0m  [1m[34mSELECT pg_advisory_unlock(8304820991469652860)[0m
  ↳ bin/rails:9
  [1m[35m (0.5ms)[0m  [1m[34mSELECT "schema_migrations"."version" FROM "schema_migrations" ORDER BY "schema_migrations"."version" ASC[0m
  ↳ bin/rails:9
  [1m[35m (0.4ms)[0m  [1m[34mSELECT "schema_migrations"."version" FROM "schema_migrations" ORDER BY "schema_migrations"."version" ASC[0m
  ↳ bin/rails:9
  [1m[35m (1.0ms)[0m  [1m[34mSELECT "schema_migrations"."version" FROM "schema_migrations" ORDER BY "schema_migrations"."version" ASC[0m
  ↳ bin/rails:9
  [1m[35m (37.9ms)[0m  [1m[35mALTER SEQUENCE users_id_seq RESTART WITH 1[0m
  ↳ db/seeds.rb:7
  [1m[35m (14.4ms)[0m  [1m[35mALTER SEQUENCE items_id_seq RESTART WITH 1[0m
  ↳ db/seeds.rb:7
  [1m[35m (7.3ms)[0m  [1m[35mALTER SEQUENCE carts_id_seq RESTART WITH 1[0m
  ↳ db/seeds.rb:7
  [1m[35m (74.2ms)[0m  [1m[35mALTER SEQUENCE orders_id_seq RESTART WITH 1[0m
  ↳ db/seeds.rb:7
  [1m[36mOrder Load (1.0ms)[0m  [1m[34mSELECT "orders".* FROM "orders"[0m
  ↳ db/seeds.rb:10
  [1m[36mCart Load (0.9ms)[0m  [1m[34mSELECT "carts".* FROM "carts"[0m
  ↳ db/seeds.rb:11
  [1m[36mItem Load (0.8ms)[0m  [1m[34mSELECT "items".* FROM "items"[0m
  ↳ db/seeds.rb:12
  [1m[36mUser Load (0.9ms)[0m  [1m[34mSELECT "users".* FROM "users"[0m
  ↳ db/seeds.rb:13
  [1m[35m (0.2ms)[0m  [1m[35mBEGIN[0m
  ↳ db/seeds.rb:28
  [1m[36mUser Create (0.5ms)[0m  [1m[32mINSERT INTO "users" ("email", "encrypted_password", "created_at", "updated_at") VALUES ($1, $2, $3, $4) RETURNING "id"[0m  [["email", "anonymous@yopmail.com"], ["encrypted_password", "$2a$12$oKGtD0sQ.iYEgwehEjiahO/IedzxQD9tlNzhQ0VUaVosHBzEh7Tkm"], ["created_at", "2021-06-07 17:25:19.459330"], ["updated_at", "2021-06-07 17:25:19.459330"]]
  ↳ db/seeds.rb:28
  [1m[35m (9.5ms)[0m  [1m[35mCOMMIT[0m
  ↳ db/seeds.rb:28
  [1m[35m (0.1ms)[0m  [1m[35mBEGIN[0m
  ↳ db/seeds.rb:44
  [1m[36mUser Create (0.3ms)[0m  [1m[32mINSERT INTO "users" ("email", "encrypted_password", "created_at", "updated_at") VALUES ($1, $2, $3, $4) RETURNING "id"[0m  [["email", "ariel_moore@yopmail.com"], ["encrypted_password", "$2a$12$2GqQRKCHfv4OOL3HWk.mAu5.LK9nlswFWIvkWH9Uwup2ddIsgSemW"], ["created_at", "2021-06-07 17:25:22.501920"], ["updated_at", "2021-06-07 17:25:22.501920"]]
  ↳ db/seeds.rb:44
  [1m[35m (8.7ms)[0m  [1m[35mCOMMIT[0m
  ↳ db/seeds.rb:44
  [1m[35m (0.1ms)[0m  [1m[35mBEGIN[0m
  ↳ db/seeds.rb:47
  [1m[36mItem Create (0.5ms)[0m  [1m[32mINSERT INTO "items" ("title", "description", "price", "image_url", "created_at", "updated_at") VALUES ($1, $2, $3, $4, $5, $6) RETURNING "id"[0m  [["title", "Photo n°1"], ["description", "Photo de chaton(s) fictive créée par seed."], ["price", "488.09651513281"], ["image_url", "http://miller.net/german"], ["created_at", "2021-06-07 17:25:22.520419"], ["updated_at", "2021-06-07 17:25:22.520419"]]
  ↳ db/seeds.rb:47
  [1m[35m (19.0ms)[0m  [1m[35mCOMMIT[0m
  ↳ db/seeds.rb:47
  [1m[35m (0.3ms)[0m  [1m[35mBEGIN[0m
  ↳ db/seeds.rb:57
  [1m[36mUser Load (0.5ms)[0m  [1m[34mSELECT  "users".* FROM "users" WHERE "users"."id" = $1 LIMIT $2[0m  [["id", 2], ["LIMIT", 1]]
  ↳ db/seeds.rb:57
  [1m[36mOrder Create (1.0ms)[0m  [1m[32mINSERT INTO "orders" ("user_id", "item_id", "created_at", "updated_at") VALUES ($1, $2, $3, $4) RETURNING "id"[0m  [["user_id", 2], ["item_id", 1], ["created_at", "2021-06-07 17:25:22.633311"], ["updated_at", "2021-06-07 17:25:22.633311"]]
  ↳ db/seeds.rb:57
  [1m[35m (17.3ms)[0m  [1m[35mCOMMIT[0m
  ↳ db/seeds.rb:57
  [1m[35m (0.2ms)[0m  [1m[35mBEGIN[0m
  ↳ db/seeds.rb:44
  [1m[36mUser Create (0.2ms)[0m  [1m[32mINSERT INTO "users" ("email", "encrypted_password", "created_at", "updated_at") VALUES ($1, $2, $3, $4) RETURNING "id"[0m  [["email", "seymour_konopelski@yopmail.com"], ["encrypted_password", "$2a$12$1rDgBUEEJERTeXj4g6qOH.zvlj8kc3DGdDr2ZL5xjDdqwdNvnOdca"], ["created_at", "2021-06-07 17:25:22.957387"], ["updated_at", "2021-06-07 17:25:22.957387"]]
  ↳ db/seeds.rb:44
  [1m[35m (3.4ms)[0m  [1m[35mCOMMIT[0m
  ↳ db/seeds.rb:44
  [1m[35m (0.2ms)[0m  [1m[35mBEGIN[0m
  ↳ db/seeds.rb:47
  [1m[36mItem Create (0.3ms)[0m  [1m[32mINSERT INTO "items" ("title", "description", "price", "image_url", "created_at", "updated_at") VALUES ($1, $2, $3, $4, $5, $6) RETURNING "id"[0m  [["title", "Photo n°2"], ["description", "Photo de chaton(s) fictive créée par seed."], ["price", "980.860117124143"], ["image_url", "http://rau.co/lamar"], ["created_at", "2021-06-07 17:25:22.964036"], ["updated_at", "2021-06-07 17:25:22.964036"]]
  ↳ db/seeds.rb:47
  [1m[35m (5.1ms)[0m  [1m[35mCOMMIT[0m
  ↳ db/seeds.rb:47
  [1m[35m (0.2ms)[0m  [1m[35mBEGIN[0m
  ↳ db/seeds.rb:57
  [1m[36mUser Load (0.2ms)[0m  [1m[34mSELECT  "users".* FROM "users" WHERE "users"."id" = $1 LIMIT $2[0m  [["id", 3], ["LIMIT", 1]]
  ↳ db/seeds.rb:57
  [1m[36mOrder Create (0.2ms)[0m  [1m[32mINSERT INTO "orders" ("user_id", "item_id", "created_at", "updated_at") VALUES ($1, $2, $3, $4) RETURNING "id"[0m  [["user_id", 3], ["item_id", 2], ["created_at", "2021-06-07 17:25:22.972605"], ["updated_at", "2021-06-07 17:25:22.972605"]]
  ↳ db/seeds.rb:57
  [1m[35m (5.0ms)[0m  [1m[35mCOMMIT[0m
  ↳ db/seeds.rb:57
  [1m[35m (0.2ms)[0m  [1m[35mBEGIN[0m
  ↳ db/seeds.rb:44
  [1m[36mUser Create (0.4ms)[0m  [1m[32mINSERT INTO "users" ("email", "encrypted_password", "created_at", "updated_at") VALUES ($1, $2, $3, $4) RETURNING "id"[0m  [["email", "linnea_ankunding@yopmail.com"], ["encrypted_password", "$2a$12$cl9x5IB9I931WVbY/aZR4OGalLV21g5f8qmeem26BA99.XVUeYFum"], ["created_at", "2021-06-07 17:25:23.262077"], ["updated_at", "2021-06-07 17:25:23.262077"]]
  ↳ db/seeds.rb:44
  [1m[35m (6.9ms)[0m  [1m[35mCOMMIT[0m
  ↳ db/seeds.rb:44
  [1m[35m (0.2ms)[0m  [1m[35mBEGIN[0m
  ↳ db/seeds.rb:47
  [1m[36mItem Create (0.3ms)[0m  [1m[32mINSERT INTO "items" ("title", "description", "price", "image_url", "created_at", "updated_at") VALUES ($1, $2, $3, $4, $5, $6) RETURNING "id"[0m  [["title", "Photo n°3"], ["description", "Photo de chaton(s) fictive créée par seed."], ["price", "865.466962798357"], ["image_url", "http://carter-mcclure.com/vickey.hahn"], ["created_at", "2021-06-07 17:25:23.272353"], ["updated_at", "2021-06-07 17:25:23.272353"]]
  ↳ db/seeds.rb:47
  [1m[35m (5.0ms)[0m  [1m[35mCOMMIT[0m
  ↳ db/seeds.rb:47
  [1m[35m (0.1ms)[0m  [1m[35mBEGIN[0m
  ↳ db/seeds.rb:57
  [1m[36mUser Load (0.2ms)[0m  [1m[34mSELECT  "users".* FROM "users" WHERE "users"."id" = $1 LIMIT $2[0m  [["id", 4], ["LIMIT", 1]]
  ↳ db/seeds.rb:57
  [1m[36mOrder Create (0.3ms)[0m  [1m[32mINSERT INTO "orders" ("user_id", "item_id", "created_at", "updated_at") VALUES ($1, $2, $3, $4) RETURNING "id"[0m  [["user_id", 4], ["item_id", 3], ["created_at", "2021-06-07 17:25:23.280126"], ["updated_at", "2021-06-07 17:25:23.280126"]]
  ↳ db/seeds.rb:57
  [1m[35m (5.6ms)[0m  [1m[35mCOMMIT[0m
  ↳ db/seeds.rb:57
  [1m[36mUser Load (0.3ms)[0m  [1m[34mSELECT "users".* FROM "users"[0m
  ↳ db/seeds.rb:66
  [1m[36mItem Load (0.3ms)[0m  [1m[34mSELECT "items".* FROM "items"[0m
  ↳ db/seeds.rb:74
  [1m[36mOrder Load (0.3ms)[0m  [1m[34mSELECT "orders".* FROM "orders"[0m
  ↳ db/seeds.rb:77
Started GET "/users/sign_in" for 127.0.0.1 at 2021-06-07 19:26:00 +0200
  [1m[35m (0.9ms)[0m  [1m[34mSELECT "schema_migrations"."version" FROM "schema_migrations" ORDER BY "schema_migrations"."version" ASC[0m
  ↳ /home/lnha/.rvm/gems/ruby-2.7.1/gems/activerecord-5.2.3/lib/active_record/log_subscriber.rb:98
Processing by Devise::SessionsController#new as HTML
  Rendering devise/sessions/new.html.erb within layouts/application
  Rendered devise/shared/_links.html.erb (3.1ms)
  Rendered devise/sessions/new.html.erb within layouts/application (449.3ms)
Completed 200 OK in 4890ms (Views: 4837.6ms | ActiveRecord: 4.3ms)


Started POST "/users/sign_in" for 127.0.0.1 at 2021-06-07 19:26:29 +0200
Processing by Devise::SessionsController#create as HTML
  Parameters: {"utf8"=>"✓", "authenticity_token"=>"rCk/sR3IuIuBuwf305OhnrAqbO1ch4vjreyfVgnlBJ/oR6A61yY6Ho5RbEgo8VEf0W+ffG1OGtLJr8puep83Vg==", "user"=>{"email"=>"anonymous@yopmail.com", "password"=>"[FILTERED]", "remember_me"=>"0"}, "commit"=>"Log in"}
  [1m[36mUser Load (1.3ms)[0m  [1m[34mSELECT  "users".* FROM "users" WHERE "users"."email" = $1 ORDER BY "users"."id" ASC LIMIT $2[0m  [["email", "anonymous@yopmail.com"], ["LIMIT", 1]]
  ↳ /home/lnha/.rvm/gems/ruby-2.7.1/gems/activerecord-5.2.3/lib/active_record/log_subscriber.rb:98
Redirected to http://localhost:3000/
Completed 302 Found in 649ms (ActiveRecord: 2.3ms)


Started GET "/" for 127.0.0.1 at 2021-06-07 19:26:30 +0200
Processing by ItemsController#index as HTML
  [1m[36mItem Load (1.1ms)[0m  [1m[34mSELECT "items".* FROM "items"[0m
  ↳ app/controllers/items_controller.rb:9
  Rendering items/index.html.erb within layouts/application
  Rendered items/index.html.erb within layouts/application (28.0ms)
Completed 500 Internal Server Error in 251ms (ActiveRecord: 13.8ms)



ActionView::MissingTemplate - Missing partial shared/_small_banner with {:locale=>[:en], :formats=>[:html], :variants=>[], :handlers=>[:raw, :erb, :html, :builder, :ruby, :coffee, :jbuilder]}. Searched in:
  * "/media/lnha/Data/The_Hacking_Project/10-Semaine_Projet_boutique_en_ligne/Jour_30/Kittens_market/app/views"
  * "/home/lnha/.rvm/gems/ruby-2.7.1/gems/devise-4.8.0/app/views":
  app/views/items/index.html.erb:18:in `_app_views_items_index_html_erb__4205586394214849369_20120'

Started POST "/__better_errors/e87f93016b5fd2b4/variables" for 127.0.0.1 at 2021-06-07 19:26:31 +0200
Started GET "/" for 127.0.0.1 at 2021-06-07 19:28:21 +0200
  [1m[35m (1.3ms)[0m  [1m[34mSELECT "schema_migrations"."version" FROM "schema_migrations" ORDER BY "schema_migrations"."version" ASC[0m
  ↳ /home/lnha/.rvm/gems/ruby-2.7.1/gems/activerecord-5.2.3/lib/active_record/log_subscriber.rb:98
Processing by ItemsController#index as HTML
  [1m[36mItem Load (1.0ms)[0m  [1m[34mSELECT "items".* FROM "items"[0m
  ↳ app/controllers/items_controller.rb:9
  Rendering items/index.html.erb within layouts/application
  Rendered items/index.html.erb within layouts/application (22.9ms)
Completed 200 OK in 377ms (Views: 319.4ms | ActiveRecord: 9.1ms)


Started GET "/items/1" for 127.0.0.1 at 2021-06-07 19:28:26 +0200
Processing by ItemsController#show as HTML
  Parameters: {"id"=>"1"}
  [1m[36mUser Load (1.2ms)[0m  [1m[34mSELECT  "users".* FROM "users" WHERE "users"."id" = $1 ORDER BY "users"."id" ASC LIMIT $2[0m  [["id", 1], ["LIMIT", 1]]
  ↳ /home/lnha/.rvm/gems/ruby-2.7.1/gems/activerecord-5.2.3/lib/active_record/log_subscriber.rb:98
  [1m[36mItem Load (0.7ms)[0m  [1m[34mSELECT  "items".* FROM "items" ORDER BY "items"."id" DESC LIMIT $1[0m  [["LIMIT", 1]]
  ↳ app/controllers/items_controller.rb:106
  [1m[36mItem Load (0.5ms)[0m  [1m[34mSELECT  "items".* FROM "items" WHERE "items"."id" = $1 LIMIT $2[0m  [["id", 1], ["LIMIT", 1]]
  ↳ app/controllers/items_controller.rb:108
  Rendering items/show.html.erb within layouts/application
  Rendered items/show.html.erb within layouts/application (0.9ms)
Completed 200 OK in 298ms (Views: 55.5ms | ActiveRecord: 17.0ms)


Started GET "/users/1" for 127.0.0.1 at 2021-06-07 19:28:54 +0200
Processing by UsersController#show as HTML
  Parameters: {"id"=>"1"}
  [1m[36mUser Load (0.8ms)[0m  [1m[34mSELECT  "users".* FROM "users" WHERE "users"."id" = $1 ORDER BY "users"."id" ASC LIMIT $2[0m  [["id", 1], ["LIMIT", 1]]
  ↳ /home/lnha/.rvm/gems/ruby-2.7.1/gems/activerecord-5.2.3/lib/active_record/log_subscriber.rb:98
  [1m[36mUser Load (0.8ms)[0m  [1m[34mSELECT  "users".* FROM "users" ORDER BY "users"."id" DESC LIMIT $1[0m  [["LIMIT", 1]]
  ↳ app/controllers/users_controller.rb:26
  [1m[36mUser Load (1.2ms)[0m  [1m[34mSELECT  "users".* FROM "users" WHERE "users"."id" = $1 LIMIT $2[0m  [["id", 1], ["LIMIT", 1]]
  ↳ app/controllers/users_controller.rb:28
  [1m[36mCACHE User Load (0.0ms)[0m  [1m[34mSELECT  "users".* FROM "users" ORDER BY "users"."id" DESC LIMIT $1[0m  [["LIMIT", 1]]
  ↳ app/controllers/users_controller.rb:26
  [1m[36mCACHE User Load (0.0ms)[0m  [1m[34mSELECT  "users".* FROM "users" WHERE "users"."id" = $1 LIMIT $2[0m  [["id", 1], ["LIMIT", 1]]
  ↳ app/controllers/users_controller.rb:28
  Rendering users/show.html.erb within layouts/application
  Rendered users/show.html.erb within layouts/application (0.6ms)
Completed 200 OK in 96ms (Views: 40.2ms | ActiveRecord: 3.0ms)


Started GET "/users/edit" for 127.0.0.1 at 2021-06-07 19:29:01 +0200
Processing by Devise::RegistrationsController#edit as HTML
  [1m[36mUser Load (0.6ms)[0m  [1m[34mSELECT  "users".* FROM "users" WHERE "users"."id" = $1 ORDER BY "users"."id" ASC LIMIT $2[0m  [["id", 1], ["LIMIT", 1]]
  ↳ /home/lnha/.rvm/gems/ruby-2.7.1/gems/activerecord-5.2.3/lib/active_record/log_subscriber.rb:98
  Rendering devise/registrations/edit.html.erb within layouts/application
  Rendered devise/shared/_error_messages.html.erb (1.4ms)
  Rendered devise/registrations/edit.html.erb within layouts/application (2340.9ms)
Completed 200 OK in 2480ms (Views: 2473.9ms | ActiveRecord: 0.6ms)


Started GET "/users/1" for 127.0.0.1 at 2021-06-07 19:29:12 +0200
Processing by UsersController#show as HTML
  Parameters: {"id"=>"1"}
  [1m[36mUser Load (0.6ms)[0m  [1m[34mSELECT  "users".* FROM "users" WHERE "users"."id" = $1 ORDER BY "users"."id" ASC LIMIT $2[0m  [["id", 1], ["LIMIT", 1]]
  ↳ /home/lnha/.rvm/gems/ruby-2.7.1/gems/activerecord-5.2.3/lib/active_record/log_subscriber.rb:98
  [1m[36mUser Load (0.7ms)[0m  [1m[34mSELECT  "users".* FROM "users" ORDER BY "users"."id" DESC LIMIT $1[0m  [["LIMIT", 1]]
  ↳ app/controllers/users_controller.rb:26
  [1m[36mUser Load (0.5ms)[0m  [1m[34mSELECT  "users".* FROM "users" WHERE "users"."id" = $1 LIMIT $2[0m  [["id", 1], ["LIMIT", 1]]
  ↳ app/controllers/users_controller.rb:28
  [1m[36mCACHE User Load (0.0ms)[0m  [1m[34mSELECT  "users".* FROM "users" ORDER BY "users"."id" DESC LIMIT $1[0m  [["LIMIT", 1]]
  ↳ app/controllers/users_controller.rb:26
  [1m[36mCACHE User Load (0.0ms)[0m  [1m[34mSELECT  "users".* FROM "users" WHERE "users"."id" = $1 LIMIT $2[0m  [["id", 1], ["LIMIT", 1]]
  ↳ app/controllers/users_controller.rb:28
  Rendering users/show.html.erb within layouts/application
  Rendered users/show.html.erb within layouts/application (1.1ms)
Completed 200 OK in 95ms (Views: 66.1ms | ActiveRecord: 1.9ms)


Started GET "/users/toto" for 127.0.0.1 at 2021-06-07 19:29:18 +0200
Processing by UsersController#show as HTML
  Parameters: {"id"=>"toto"}
  [1m[36mUser Load (0.6ms)[0m  [1m[34mSELECT  "users".* FROM "users" WHERE "users"."id" = $1 ORDER BY "users"."id" ASC LIMIT $2[0m  [["id", 1], ["LIMIT", 1]]
  ↳ /home/lnha/.rvm/gems/ruby-2.7.1/gems/activerecord-5.2.3/lib/active_record/log_subscriber.rb:98
  [1m[36mUser Load (0.7ms)[0m  [1m[34mSELECT  "users".* FROM "users" ORDER BY "users"."id" DESC LIMIT $1[0m  [["LIMIT", 1]]
  ↳ app/controllers/users_controller.rb:26
Redirected to http://localhost:3000/users/1
Filter chain halted as :authenticate_profile_owner rendered or redirected
Completed 302 Found in 10ms (ActiveRecord: 1.3ms)


Started GET "/users/1" for 127.0.0.1 at 2021-06-07 19:29:18 +0200
Processing by UsersController#show as HTML
  Parameters: {"id"=>"1"}
  [1m[36mUser Load (1.4ms)[0m  [1m[34mSELECT  "users".* FROM "users" WHERE "users"."id" = $1 ORDER BY "users"."id" ASC LIMIT $2[0m  [["id", 1], ["LIMIT", 1]]
  ↳ /home/lnha/.rvm/gems/ruby-2.7.1/gems/activerecord-5.2.3/lib/active_record/log_subscriber.rb:98
  [1m[36mUser Load (1.0ms)[0m  [1m[34mSELECT  "users".* FROM "users" ORDER BY "users"."id" DESC LIMIT $1[0m  [["LIMIT", 1]]
  ↳ app/controllers/users_controller.rb:26
  [1m[36mUser Load (0.3ms)[0m  [1m[34mSELECT  "users".* FROM "users" WHERE "users"."id" = $1 LIMIT $2[0m  [["id", 1], ["LIMIT", 1]]
  ↳ app/controllers/users_controller.rb:28
  [1m[36mCACHE User Load (0.0ms)[0m  [1m[34mSELECT  "users".* FROM "users" ORDER BY "users"."id" DESC LIMIT $1[0m  [["LIMIT", 1]]
  ↳ app/controllers/users_controller.rb:26
  [1m[36mCACHE User Load (0.0ms)[0m  [1m[34mSELECT  "users".* FROM "users" WHERE "users"."id" = $1 LIMIT $2[0m  [["id", 1], ["LIMIT", 1]]
  ↳ app/controllers/users_controller.rb:28
  Rendering users/show.html.erb within layouts/application
  Rendered users/show.html.erb within layouts/application (0.7ms)
Completed 200 OK in 50ms (Views: 33.7ms | ActiveRecord: 2.8ms)


Started GET "/users/2" for 127.0.0.1 at 2021-06-07 19:29:24 +0200
Processing by UsersController#show as HTML
  Parameters: {"id"=>"2"}
  [1m[36mUser Load (0.5ms)[0m  [1m[34mSELECT  "users".* FROM "users" WHERE "users"."id" = $1 ORDER BY "users"."id" ASC LIMIT $2[0m  [["id", 1], ["LIMIT", 1]]
  ↳ /home/lnha/.rvm/gems/ruby-2.7.1/gems/activerecord-5.2.3/lib/active_record/log_subscriber.rb:98
  [1m[36mUser Load (0.5ms)[0m  [1m[34mSELECT  "users".* FROM "users" ORDER BY "users"."id" DESC LIMIT $1[0m  [["LIMIT", 1]]
  ↳ app/controllers/users_controller.rb:26
  [1m[36mUser Load (1.1ms)[0m  [1m[34mSELECT  "users".* FROM "users" WHERE "users"."id" = $1 LIMIT $2[0m  [["id", 2], ["LIMIT", 1]]
  ↳ app/controllers/users_controller.rb:28
Redirected to http://localhost:3000/users/1
Filter chain halted as :authenticate_profile_owner rendered or redirected
Completed 302 Found in 13ms (ActiveRecord: 2.1ms)


Started GET "/users/1" for 127.0.0.1 at 2021-06-07 19:29:24 +0200
Processing by UsersController#show as HTML
  Parameters: {"id"=>"1"}
  [1m[36mUser Load (0.3ms)[0m  [1m[34mSELECT  "users".* FROM "users" WHERE "users"."id" = $1 ORDER BY "users"."id" ASC LIMIT $2[0m  [["id", 1], ["LIMIT", 1]]
  ↳ /home/lnha/.rvm/gems/ruby-2.7.1/gems/activerecord-5.2.3/lib/active_record/log_subscriber.rb:98
  [1m[36mUser Load (0.4ms)[0m  [1m[34mSELECT  "users".* FROM "users" ORDER BY "users"."id" DESC LIMIT $1[0m  [["LIMIT", 1]]
  ↳ app/controllers/users_controller.rb:26
  [1m[36mUser Load (1.4ms)[0m  [1m[34mSELECT  "users".* FROM "users" WHERE "users"."id" = $1 LIMIT $2[0m  [["id", 1], ["LIMIT", 1]]
  ↳ app/controllers/users_controller.rb:28
  [1m[36mCACHE User Load (0.0ms)[0m  [1m[34mSELECT  "users".* FROM "users" ORDER BY "users"."id" DESC LIMIT $1[0m  [["LIMIT", 1]]
  ↳ app/controllers/users_controller.rb:26
  [1m[36mCACHE User Load (0.0ms)[0m  [1m[34mSELECT  "users".* FROM "users" WHERE "users"."id" = $1 LIMIT $2[0m  [["id", 1], ["LIMIT", 1]]
  ↳ app/controllers/users_controller.rb:28
  Rendering users/show.html.erb within layouts/application
  Rendered users/show.html.erb within layouts/application (1.0ms)
Completed 200 OK in 52ms (Views: 35.5ms | ActiveRecord: 2.2ms)


Started GET "/items/2" for 127.0.0.1 at 2021-06-07 19:29:39 +0200
Processing by ItemsController#show as HTML
  Parameters: {"id"=>"2"}
  [1m[36mUser Load (0.5ms)[0m  [1m[34mSELECT  "users".* FROM "users" WHERE "users"."id" = $1 ORDER BY "users"."id" ASC LIMIT $2[0m  [["id", 1], ["LIMIT", 1]]
  ↳ /home/lnha/.rvm/gems/ruby-2.7.1/gems/activerecord-5.2.3/lib/active_record/log_subscriber.rb:98
  [1m[36mItem Load (0.6ms)[0m  [1m[34mSELECT  "items".* FROM "items" ORDER BY "items"."id" DESC LIMIT $1[0m  [["LIMIT", 1]]
  ↳ app/controllers/items_controller.rb:106
  [1m[36mItem Load (0.5ms)[0m  [1m[34mSELECT  "items".* FROM "items" WHERE "items"."id" = $1 LIMIT $2[0m  [["id", 2], ["LIMIT", 1]]
  ↳ app/controllers/items_controller.rb:108
  Rendering items/show.html.erb within layouts/application
  Rendered items/show.html.erb within layouts/application (1.5ms)
Completed 200 OK in 60ms (Views: 36.8ms | ActiveRecord: 1.7ms)


Started GET "/items/-1" for 127.0.0.1 at 2021-06-07 19:29:44 +0200
Processing by ItemsController#show as HTML
  Parameters: {"id"=>"-1"}
  [1m[36mUser Load (0.3ms)[0m  [1m[34mSELECT  "users".* FROM "users" WHERE "users"."id" = $1 ORDER BY "users"."id" ASC LIMIT $2[0m  [["id", 1], ["LIMIT", 1]]
  ↳ /home/lnha/.rvm/gems/ruby-2.7.1/gems/activerecord-5.2.3/lib/active_record/log_subscriber.rb:98
  [1m[36mItem Load (0.3ms)[0m  [1m[34mSELECT  "items".* FROM "items" ORDER BY "items"."id" DESC LIMIT $1[0m  [["LIMIT", 1]]
  ↳ app/controllers/items_controller.rb:106
  Rendering items/show.html.erb within layouts/application
  Rendered items/show.html.erb within layouts/application (0.7ms)
Completed 200 OK in 47ms (Views: 37.8ms | ActiveRecord: 0.6ms)


Started GET "/items/10" for 127.0.0.1 at 2021-06-07 19:29:50 +0200
Processing by ItemsController#show as HTML
  Parameters: {"id"=>"10"}
  [1m[36mUser Load (0.3ms)[0m  [1m[34mSELECT  "users".* FROM "users" WHERE "users"."id" = $1 ORDER BY "users"."id" ASC LIMIT $2[0m  [["id", 1], ["LIMIT", 1]]
  ↳ /home/lnha/.rvm/gems/ruby-2.7.1/gems/activerecord-5.2.3/lib/active_record/log_subscriber.rb:98
  [1m[36mItem Load (0.3ms)[0m  [1m[34mSELECT  "items".* FROM "items" ORDER BY "items"."id" DESC LIMIT $1[0m  [["LIMIT", 1]]
  ↳ app/controllers/items_controller.rb:106
  Rendering items/show.html.erb within layouts/application
  Rendered items/show.html.erb within layouts/application (0.7ms)
Completed 200 OK in 46ms (Views: 35.5ms | ActiveRecord: 0.6ms)


Started GET "/items/toto" for 127.0.0.1 at 2021-06-07 19:29:56 +0200
Processing by ItemsController#show as HTML
  Parameters: {"id"=>"toto"}
  [1m[36mUser Load (0.8ms)[0m  [1m[34mSELECT  "users".* FROM "users" WHERE "users"."id" = $1 ORDER BY "users"."id" ASC LIMIT $2[0m  [["id", 1], ["LIMIT", 1]]
  ↳ /home/lnha/.rvm/gems/ruby-2.7.1/gems/activerecord-5.2.3/lib/active_record/log_subscriber.rb:98
  [1m[36mItem Load (0.3ms)[0m  [1m[34mSELECT  "items".* FROM "items" ORDER BY "items"."id" DESC LIMIT $1[0m  [["LIMIT", 1]]
  ↳ app/controllers/items_controller.rb:106
  Rendering items/show.html.erb within layouts/application
  Rendered items/show.html.erb within layouts/application (0.5ms)
Completed 200 OK in 41ms (Views: 29.9ms | ActiveRecord: 1.1ms)


Started GET "/items" for 127.0.0.1 at 2021-06-07 19:30:00 +0200
Processing by ItemsController#index as HTML
  [1m[36mItem Load (0.4ms)[0m  [1m[34mSELECT "items".* FROM "items"[0m
  ↳ app/controllers/items_controller.rb:9
  Rendering items/index.html.erb within layouts/application
  Rendered items/index.html.erb within layouts/application (1.2ms)
Completed 200 OK in 43ms (Views: 36.3ms | ActiveRecord: 0.4ms)


  [1m[35m (1.4ms)[0m  [1m[34mSELECT "schema_migrations"."version" FROM "schema_migrations" ORDER BY "schema_migrations"."version" ASC[0m
  ↳ bin/rails:9
  [1m[35m (88.6ms)[0m  [1m[35mALTER SEQUENCE users_id_seq RESTART WITH 1[0m
  ↳ db/seeds.rb:7
  [1m[35m (10.2ms)[0m  [1m[35mALTER SEQUENCE items_id_seq RESTART WITH 1[0m
  ↳ db/seeds.rb:7
  [1m[35m (8.0ms)[0m  [1m[35mALTER SEQUENCE carts_id_seq RESTART WITH 1[0m
  ↳ db/seeds.rb:7
  [1m[35m (5.9ms)[0m  [1m[35mALTER SEQUENCE orders_id_seq RESTART WITH 1[0m
  ↳ db/seeds.rb:7
  [1m[36mOrder Load (1.0ms)[0m  [1m[34mSELECT "orders".* FROM "orders"[0m
  ↳ db/seeds.rb:10
  [1m[35m (0.4ms)[0m  [1m[35mBEGIN[0m
  ↳ db/seeds.rb:10
  [1m[36mOrder Destroy (0.7ms)[0m  [1m[31mDELETE FROM "orders" WHERE "orders"."id" = $1[0m  [["id", 1]]
  ↳ db/seeds.rb:10
  [1m[35m (18.0ms)[0m  [1m[35mCOMMIT[0m
  ↳ db/seeds.rb:10
  [1m[35m (0.3ms)[0m  [1m[35mBEGIN[0m
  ↳ db/seeds.rb:10
  [1m[36mOrder Destroy (0.5ms)[0m  [1m[31mDELETE FROM "orders" WHERE "orders"."id" = $1[0m  [["id", 2]]
  ↳ db/seeds.rb:10
  [1m[35m (3.9ms)[0m  [1m[35mCOMMIT[0m
  ↳ db/seeds.rb:10
  [1m[35m (0.3ms)[0m  [1m[35mBEGIN[0m
  ↳ db/seeds.rb:10
  [1m[36mOrder Destroy (0.5ms)[0m  [1m[31mDELETE FROM "orders" WHERE "orders"."id" = $1[0m  [["id", 3]]
  ↳ db/seeds.rb:10
  [1m[35m (4.3ms)[0m  [1m[35mCOMMIT[0m
  ↳ db/seeds.rb:10
  [1m[36mCart Load (0.9ms)[0m  [1m[34mSELECT "carts".* FROM "carts"[0m
  ↳ db/seeds.rb:11
  [1m[36mItem Load (0.7ms)[0m  [1m[34mSELECT "items".* FROM "items"[0m
  ↳ db/seeds.rb:12
  [1m[35m (0.3ms)[0m  [1m[35mBEGIN[0m
  ↳ db/seeds.rb:12
  [1m[36mItem Destroy (0.5ms)[0m  [1m[31mDELETE FROM "items" WHERE "items"."id" = $1[0m  [["id", 1]]
  ↳ db/seeds.rb:12
  [1m[35m (20.7ms)[0m  [1m[35mCOMMIT[0m
  ↳ db/seeds.rb:12
  [1m[35m (0.3ms)[0m  [1m[35mBEGIN[0m
  ↳ db/seeds.rb:12
  [1m[36mItem Destroy (0.5ms)[0m  [1m[31mDELETE FROM "items" WHERE "items"."id" = $1[0m  [["id", 2]]
  ↳ db/seeds.rb:12
  [1m[35m (4.4ms)[0m  [1m[35mCOMMIT[0m
  ↳ db/seeds.rb:12
  [1m[35m (0.3ms)[0m  [1m[35mBEGIN[0m
  ↳ db/seeds.rb:12
  [1m[36mItem Destroy (0.4ms)[0m  [1m[31mDELETE FROM "items" WHERE "items"."id" = $1[0m  [["id", 3]]
  ↳ db/seeds.rb:12
  [1m[35m (4.5ms)[0m  [1m[35mCOMMIT[0m
  ↳ db/seeds.rb:12
  [1m[36mUser Load (0.9ms)[0m  [1m[34mSELECT "users".* FROM "users"[0m
  ↳ db/seeds.rb:13
  [1m[35m (0.3ms)[0m  [1m[35mBEGIN[0m
  ↳ db/seeds.rb:13
  [1m[36mUser Destroy (0.5ms)[0m  [1m[31mDELETE FROM "users" WHERE "users"."id" = $1[0m  [["id", 1]]
  ↳ db/seeds.rb:13
  [1m[35m (4.8ms)[0m  [1m[35mCOMMIT[0m
  ↳ db/seeds.rb:13
  [1m[35m (0.3ms)[0m  [1m[35mBEGIN[0m
  ↳ db/seeds.rb:13
  [1m[36mUser Destroy (0.5ms)[0m  [1m[31mDELETE FROM "users" WHERE "users"."id" = $1[0m  [["id", 2]]
  ↳ db/seeds.rb:13
  [1m[35m (4.3ms)[0m  [1m[35mCOMMIT[0m
  ↳ db/seeds.rb:13
  [1m[35m (0.3ms)[0m  [1m[35mBEGIN[0m
  ↳ db/seeds.rb:13
  [1m[36mUser Destroy (0.5ms)[0m  [1m[31mDELETE FROM "users" WHERE "users"."id" = $1[0m  [["id", 3]]
  ↳ db/seeds.rb:13
  [1m[35m (4.6ms)[0m  [1m[35mCOMMIT[0m
  ↳ db/seeds.rb:13
  [1m[35m (0.3ms)[0m  [1m[35mBEGIN[0m
  ↳ db/seeds.rb:13
  [1m[36mUser Destroy (0.5ms)[0m  [1m[31mDELETE FROM "users" WHERE "users"."id" = $1[0m  [["id", 4]]
  ↳ db/seeds.rb:13
  [1m[35m (4.4ms)[0m  [1m[35mCOMMIT[0m
  ↳ db/seeds.rb:13
  [1m[35m (0.2ms)[0m  [1m[35mBEGIN[0m
  ↳ db/seeds.rb:27
  [1m[36mUser Create (12.7ms)[0m  [1m[32mINSERT INTO "users" ("email", "encrypted_password", "created_at", "updated_at") VALUES ($1, $2, $3, $4) RETURNING "id"[0m  [["email", "anonymous@yopmail.com"], ["encrypted_password", "$2a$12$QqVNku.t5pEhX4LRnI5aR.E837VVRKarvk0GigAPIM81M23aMOxka"], ["created_at", "2021-06-07 17:34:29.237531"], ["updated_at", "2021-06-07 17:34:29.237531"]]
  ↳ db/seeds.rb:27
  [1m[35m (13.1ms)[0m  [1m[35mCOMMIT[0m
  ↳ db/seeds.rb:27
  [1m[35m (0.1ms)[0m  [1m[35mBEGIN[0m
  ↳ db/seeds.rb:43
  [1m[36mUser Create (0.3ms)[0m  [1m[32mINSERT INTO "users" ("email", "encrypted_password", "created_at", "updated_at") VALUES ($1, $2, $3, $4) RETURNING "id"[0m  [["email", "darren_stanton@yopmail.com"], ["encrypted_password", "$2a$12$XuJ5L7yBJxn2ktI0Wr9VD.ZDIuC24Csw1SuWP5Wa9dnusj/6FTdGy"], ["created_at", "2021-06-07 17:34:29.821389"], ["updated_at", "2021-06-07 17:34:29.821389"]]
  ↳ db/seeds.rb:43
  [1m[35m (9.1ms)[0m  [1m[35mCOMMIT[0m
  ↳ db/seeds.rb:43
  [1m[35m (0.7ms)[0m  [1m[34mSELECT "schema_migrations"."version" FROM "schema_migrations" ORDER BY "schema_migrations"."version" ASC[0m
  ↳ bin/rails:9
  [1m[35m (7.1ms)[0m  [1m[35mALTER SEQUENCE users_id_seq RESTART WITH 1[0m
  ↳ db/seeds.rb:7
  [1m[35m (8.0ms)[0m  [1m[35mALTER SEQUENCE items_id_seq RESTART WITH 1[0m
  ↳ db/seeds.rb:7
  [1m[35m (8.0ms)[0m  [1m[35mALTER SEQUENCE carts_id_seq RESTART WITH 1[0m
  ↳ db/seeds.rb:7
  [1m[35m (8.2ms)[0m  [1m[35mALTER SEQUENCE orders_id_seq RESTART WITH 1[0m
  ↳ db/seeds.rb:7
  [1m[36mOrder Load (1.1ms)[0m  [1m[34mSELECT "orders".* FROM "orders"[0m
  ↳ db/seeds.rb:10
  [1m[36mCart Load (0.4ms)[0m  [1m[34mSELECT "carts".* FROM "carts"[0m
  ↳ db/seeds.rb:11
  [1m[36mItem Load (0.6ms)[0m  [1m[34mSELECT "items".* FROM "items"[0m
  ↳ db/seeds.rb:12
  [1m[36mUser Load (0.4ms)[0m  [1m[34mSELECT "users".* FROM "users"[0m
  ↳ db/seeds.rb:13
  [1m[35m (0.1ms)[0m  [1m[35mBEGIN[0m
  ↳ db/seeds.rb:13
  [1m[36mUser Destroy (0.3ms)[0m  [1m[31mDELETE FROM "users" WHERE "users"."id" = $1[0m  [["id", 1]]
  ↳ db/seeds.rb:13
  [1m[35m (7.5ms)[0m  [1m[35mCOMMIT[0m
  ↳ db/seeds.rb:13
  [1m[35m (0.2ms)[0m  [1m[35mBEGIN[0m
  ↳ db/seeds.rb:13
  [1m[36mUser Destroy (0.2ms)[0m  [1m[31mDELETE FROM "users" WHERE "users"."id" = $1[0m  [["id", 2]]
  ↳ db/seeds.rb:13
  [1m[35m (6.2ms)[0m  [1m[35mCOMMIT[0m
  ↳ db/seeds.rb:13
  [1m[35m (0.2ms)[0m  [1m[35mBEGIN[0m
  ↳ db/seeds.rb:27
  [1m[36mUser Create (0.3ms)[0m  [1m[32mINSERT INTO "users" ("email", "encrypted_password", "created_at", "updated_at") VALUES ($1, $2, $3, $4) RETURNING "id"[0m  [["email", "anonymous@yopmail.com"], ["encrypted_password", "$2a$12$proBUsEftFYCSFTQ1.uum.ECkzl1rMww4Y47o6nHT.OidcdTfnTcu"], ["created_at", "2021-06-07 17:37:47.155448"], ["updated_at", "2021-06-07 17:37:47.155448"]]
  ↳ db/seeds.rb:27
  [1m[35m (13.9ms)[0m  [1m[35mCOMMIT[0m
  ↳ db/seeds.rb:27
  [1m[35m (0.1ms)[0m  [1m[35mBEGIN[0m
  ↳ db/seeds.rb:43
  [1m[36mUser Create (0.3ms)[0m  [1m[32mINSERT INTO "users" ("email", "encrypted_password", "created_at", "updated_at") VALUES ($1, $2, $3, $4) RETURNING "id"[0m  [["email", "dirk_krajcik@yopmail.com"], ["encrypted_password", "$2a$12$I8QtBIyh6aQ.rdc6OuPXQu1.kjR/xsePIM9CPrZzXN/uz97ABMalu"], ["created_at", "2021-06-07 17:37:47.727677"], ["updated_at", "2021-06-07 17:37:47.727677"]]
  ↳ db/seeds.rb:43
  [1m[35m (8.7ms)[0m  [1m[35mCOMMIT[0m
  ↳ db/seeds.rb:43
  [1m[35m (0.2ms)[0m  [1m[35mBEGIN[0m
  ↳ db/seeds.rb:46
  [1m[36mItem Create (0.3ms)[0m  [1m[32mINSERT INTO "items" ("title", "description", "price", "image_url", "created_at", "updated_at") VALUES ($1, $2, $3, $4, $5, $6) RETURNING "id"[0m  [["title", "Photo n°1"], ["description", "Photo de chaton(s) fictive créée par seed."], ["price", "110.5"], ["image_url", "http://trantow.name/deneen"], ["created_at", "2021-06-07 17:37:47.745457"], ["updated_at", "2021-06-07 17:37:47.745457"]]
  ↳ db/seeds.rb:46
  [1m[35m (7.4ms)[0m  [1m[35mCOMMIT[0m
  ↳ db/seeds.rb:46
  [1m[35m (0.4ms)[0m  [1m[35mBEGIN[0m
  ↳ db/seeds.rb:56
  [1m[36mUser Load (0.6ms)[0m  [1m[34mSELECT  "users".* FROM "users" WHERE "users"."id" = $1 LIMIT $2[0m  [["id", 2], ["LIMIT", 1]]
  ↳ db/seeds.rb:56
  [1m[36mOrder Create (0.8ms)[0m  [1m[32mINSERT INTO "orders" ("user_id", "item_id", "created_at", "updated_at") VALUES ($1, $2, $3, $4) RETURNING "id"[0m  [["user_id", 2], ["item_id", 1], ["created_at", "2021-06-07 17:37:47.832318"], ["updated_at", "2021-06-07 17:37:47.832318"]]
  ↳ db/seeds.rb:56
  [1m[35m (35.1ms)[0m  [1m[35mCOMMIT[0m
  ↳ db/seeds.rb:56
  [1m[35m (0.2ms)[0m  [1m[35mBEGIN[0m
  ↳ db/seeds.rb:43
  [1m[36mUser Create (0.3ms)[0m  [1m[32mINSERT INTO "users" ("email", "encrypted_password", "created_at", "updated_at") VALUES ($1, $2, $3, $4) RETURNING "id"[0m  [["email", "georgeann_walker@yopmail.com"], ["encrypted_password", "$2a$12$bo2qj9oXzoFBK3C.kOFC8.9Srnb4cjnMXCSmsmxd4RkhwxjESIOLO"], ["created_at", "2021-06-07 17:37:48.176985"], ["updated_at", "2021-06-07 17:37:48.176985"]]
  ↳ db/seeds.rb:43
  [1m[35m (9.4ms)[0m  [1m[35mCOMMIT[0m
  ↳ db/seeds.rb:43
  [1m[35m (0.2ms)[0m  [1m[35mBEGIN[0m
  ↳ db/seeds.rb:46
  [1m[36mItem Create (0.3ms)[0m  [1m[32mINSERT INTO "items" ("title", "description", "price", "image_url", "created_at", "updated_at") VALUES ($1, $2, $3, $4, $5, $6) RETURNING "id"[0m  [["title", "Photo n°2"], ["description", "Photo de chaton(s) fictive créée par seed."], ["price", "599.84"], ["image_url", "http://marvin.com/todd"], ["created_at", "2021-06-07 17:37:48.190130"], ["updated_at", "2021-06-07 17:37:48.190130"]]
  ↳ db/seeds.rb:46
  [1m[35m (4.2ms)[0m  [1m[35mCOMMIT[0m
  ↳ db/seeds.rb:46
  [1m[35m (0.2ms)[0m  [1m[35mBEGIN[0m
  ↳ db/seeds.rb:56
  [1m[36mUser Load (0.2ms)[0m  [1m[34mSELECT  "users".* FROM "users" WHERE "users"."id" = $1 LIMIT $2[0m  [["id", 3], ["LIMIT", 1]]
  ↳ db/seeds.rb:56
  [1m[36mOrder Create (0.2ms)[0m  [1m[32mINSERT INTO "orders" ("user_id", "item_id", "created_at", "updated_at") VALUES ($1, $2, $3, $4) RETURNING "id"[0m  [["user_id", 3], ["item_id", 2], ["created_at", "2021-06-07 17:37:48.198360"], ["updated_at", "2021-06-07 17:37:48.198360"]]
  ↳ db/seeds.rb:56
  [1m[35m (4.8ms)[0m  [1m[35mCOMMIT[0m
  ↳ db/seeds.rb:56
  [1m[35m (0.1ms)[0m  [1m[35mBEGIN[0m
  ↳ db/seeds.rb:43
  [1m[36mUser Create (0.3ms)[0m  [1m[32mINSERT INTO "users" ("email", "encrypted_password", "created_at", "updated_at") VALUES ($1, $2, $3, $4) RETURNING "id"[0m  [["email", "lenna_funk@yopmail.com"], ["encrypted_password", "$2a$12$Gz4fclMZ.2n/Cr0eYhsAFu3xU.gXRN71MzcHaWqVdocdKWVk5WLZ6"], ["created_at", "2021-06-07 17:37:48.485911"], ["updated_at", "2021-06-07 17:37:48.485911"]]
  ↳ db/seeds.rb:43
  [1m[35m (17.4ms)[0m  [1m[35mCOMMIT[0m
  ↳ db/seeds.rb:43
  [1m[35m (0.2ms)[0m  [1m[35mBEGIN[0m
  ↳ db/seeds.rb:46
  [1m[36mItem Create (0.2ms)[0m  [1m[32mINSERT INTO "items" ("title", "description", "price", "image_url", "created_at", "updated_at") VALUES ($1, $2, $3, $4, $5, $6) RETURNING "id"[0m  [["title", "Photo n°3"], ["description", "Photo de chaton(s) fictive créée par seed."], ["price", "811.85"], ["image_url", "http://kiehn.com/riley"], ["created_at", "2021-06-07 17:37:48.506205"], ["updated_at", "2021-06-07 17:37:48.506205"]]
  ↳ db/seeds.rb:46
  [1m[35m (38.7ms)[0m  [1m[35mCOMMIT[0m
  ↳ db/seeds.rb:46
  [1m[35m (0.3ms)[0m  [1m[35mBEGIN[0m
  ↳ db/seeds.rb:56
  [1m[36mUser Load (0.6ms)[0m  [1m[34mSELECT  "users".* FROM "users" WHERE "users"."id" = $1 LIMIT $2[0m  [["id", 4], ["LIMIT", 1]]
  ↳ db/seeds.rb:56
  [1m[36mOrder Create (0.6ms)[0m  [1m[32mINSERT INTO "orders" ("user_id", "item_id", "created_at", "updated_at") VALUES ($1, $2, $3, $4) RETURNING "id"[0m  [["user_id", 4], ["item_id", 3], ["created_at", "2021-06-07 17:37:48.551479"], ["updated_at", "2021-06-07 17:37:48.551479"]]
  ↳ db/seeds.rb:56
  [1m[35m (33.1ms)[0m  [1m[35mCOMMIT[0m
  ↳ db/seeds.rb:56
  [1m[36mUser Load (0.5ms)[0m  [1m[34mSELECT "users".* FROM "users"[0m
  ↳ db/seeds.rb:65
  [1m[36mItem Load (0.5ms)[0m  [1m[34mSELECT "items".* FROM "items"[0m
  ↳ db/seeds.rb:73
  [1m[36mOrder Load (0.4ms)[0m  [1m[34mSELECT "orders".* FROM "orders"[0m
  ↳ db/seeds.rb:76
